{"/home/travis/build/npmtest/node-npmtest-seneca/test.js":{"path":"/home/travis/build/npmtest/node-npmtest-seneca/test.js","s":{"1":2,"2":2,"3":2,"4":2,"5":2,"6":2,"7":2,"8":1,"9":2,"10":2,"11":1,"12":1,"13":1,"14":1,"15":2,"16":2,"17":2,"18":2,"19":1,"20":1,"21":2,"22":2,"23":2,"24":1,"25":1,"26":1,"27":1,"28":1,"29":1,"30":1,"31":1,"32":1,"33":1,"34":1,"35":1,"36":1,"37":2,"38":2,"39":1,"40":2,"41":2,"42":1,"43":2,"44":2,"45":1,"46":2,"47":2,"48":1,"49":1,"50":1,"51":1,"52":1},"b":{"1":[2,1,1,1],"2":[1,1,1,1],"3":[1,1],"4":[1,1],"5":[1,1],"6":[1,1],"7":[1,1],"8":[1,1],"9":[1,1,1],"10":[1,1],"11":[1,1],"12":[1,1],"13":[1,1],"14":[1,1],"15":[1,1],"16":[1,1]},"f":{"1":2,"2":2,"3":2,"4":2,"5":2,"6":1,"7":1,"8":2,"9":2,"10":2,"11":2,"12":1},"fnMap":{"1":{"name":"(anonymous_1)","line":12,"loc":{"start":{"line":12,"column":1},"end":{"line":12,"column":13}}},"2":{"name":"(anonymous_2)","line":19,"loc":{"start":{"line":19,"column":5},"end":{"line":19,"column":17}}},"3":{"name":"(anonymous_3)","line":23,"loc":{"start":{"line":23,"column":24},"end":{"line":23,"column":36}}},"4":{"name":"(anonymous_4)","line":61,"loc":{"start":{"line":61,"column":5},"end":{"line":61,"column":17}}},"5":{"name":"(anonymous_5)","line":82,"loc":{"start":{"line":82,"column":5},"end":{"line":82,"column":17}}},"6":{"name":"(anonymous_6)","line":102,"loc":{"start":{"line":102,"column":83},"end":{"line":105,"column":10}},"skip":true},"7":{"name":"(anonymous_7)","line":113,"loc":{"start":{"line":113,"column":77},"end":{"line":116,"column":10}},"skip":true},"8":{"name":"(anonymous_8)","line":129,"loc":{"start":{"line":129,"column":12},"end":{"line":129,"column":40}},"skip":true},"9":{"name":"(anonymous_9)","line":137,"loc":{"start":{"line":137,"column":77},"end":{"line":140,"column":10}},"skip":true},"10":{"name":"(anonymous_10)","line":148,"loc":{"start":{"line":148,"column":83},"end":{"line":151,"column":10}},"skip":true},"11":{"name":"(anonymous_11)","line":159,"loc":{"start":{"line":159,"column":79},"end":{"line":162,"column":10}},"skip":true},"12":{"name":"(anonymous_12)","line":170,"loc":{"start":{"line":170,"column":75},"end":{"line":173,"column":10}},"skip":true}},"statementMap":{"1":{"start":{"line":12,"column":0},"end":{"line":185,"column":5}},"2":{"start":{"line":14,"column":4},"end":{"line":14,"column":14}},"3":{"start":{"line":19,"column":4},"end":{"line":56,"column":9}},"4":{"start":{"line":21,"column":8},"end":{"line":21,"column":19}},"5":{"start":{"line":23,"column":8},"end":{"line":35,"column":13}},"6":{"start":{"line":24,"column":12},"end":{"line":34,"column":13}},"7":{"start":{"line":25,"column":16},"end":{"line":28,"column":30}},"8":{"start":{"line":30,"column":16},"end":{"line":33,"column":27}},"9":{"start":{"line":37,"column":8},"end":{"line":39,"column":21}},"10":{"start":{"line":40,"column":8},"end":{"line":53,"column":9}},"11":{"start":{"line":43,"column":12},"end":{"line":46,"column":14}},"12":{"start":{"line":47,"column":12},"end":{"line":47,"column":18}},"13":{"start":{"line":50,"column":12},"end":{"line":51,"column":46}},"14":{"start":{"line":52,"column":12},"end":{"line":52,"column":18}},"15":{"start":{"line":55,"column":8},"end":{"line":55,"column":35}},"16":{"start":{"line":61,"column":4},"end":{"line":63,"column":9}},"17":{"start":{"line":62,"column":8},"end":{"line":62,"column":15}},"18":{"start":{"line":64,"column":4},"end":{"line":77,"column":5}},"19":{"start":{"line":70,"column":8},"end":{"line":70,"column":14}},"20":{"start":{"line":76,"column":8},"end":{"line":76,"column":14}},"21":{"start":{"line":82,"column":4},"end":{"line":84,"column":9}},"22":{"start":{"line":83,"column":8},"end":{"line":83,"column":15}},"23":{"start":{"line":85,"column":4},"end":{"line":184,"column":5}},"24":{"start":{"line":92,"column":8},"end":{"line":94,"column":63}},"25":{"start":{"line":95,"column":8},"end":{"line":95,"column":14}},"26":{"start":{"line":102,"column":8},"end":{"line":111,"column":10},"skip":true},"27":{"start":{"line":109,"column":12},"end":{"line":109,"column":55},"skip":true},"28":{"start":{"line":110,"column":12},"end":{"line":110,"column":48},"skip":true},"29":{"start":{"line":113,"column":8},"end":{"line":126,"column":10},"skip":true},"30":{"start":{"line":120,"column":12},"end":{"line":120,"column":76},"skip":true},"31":{"start":{"line":121,"column":12},"end":{"line":121,"column":73},"skip":true},"32":{"start":{"line":122,"column":12},"end":{"line":122,"column":74},"skip":true},"33":{"start":{"line":123,"column":12},"end":{"line":123,"column":79},"skip":true},"34":{"start":{"line":124,"column":12},"end":{"line":124,"column":25},"skip":true},"35":{"start":{"line":125,"column":12},"end":{"line":125,"column":45},"skip":true},"36":{"start":{"line":128,"column":8},"end":{"line":135,"column":14},"skip":true},"37":{"start":{"line":133,"column":16},"end":{"line":133,"column":29},"skip":true},"38":{"start":{"line":134,"column":16},"end":{"line":134,"column":55},"skip":true},"39":{"start":{"line":137,"column":8},"end":{"line":146,"column":10},"skip":true},"40":{"start":{"line":144,"column":12},"end":{"line":144,"column":25},"skip":true},"41":{"start":{"line":145,"column":12},"end":{"line":145,"column":45},"skip":true},"42":{"start":{"line":148,"column":8},"end":{"line":157,"column":10},"skip":true},"43":{"start":{"line":155,"column":12},"end":{"line":155,"column":25},"skip":true},"44":{"start":{"line":156,"column":12},"end":{"line":156,"column":48},"skip":true},"45":{"start":{"line":159,"column":8},"end":{"line":168,"column":10},"skip":true},"46":{"start":{"line":166,"column":12},"end":{"line":166,"column":25},"skip":true},"47":{"start":{"line":167,"column":12},"end":{"line":167,"column":46},"skip":true},"48":{"start":{"line":170,"column":8},"end":{"line":179,"column":10},"skip":true},"49":{"start":{"line":177,"column":12},"end":{"line":177,"column":94},"skip":true},"50":{"start":{"line":178,"column":12},"end":{"line":178,"column":48},"skip":true},"51":{"start":{"line":182,"column":8},"end":{"line":182,"column":35},"skip":true},"52":{"start":{"line":183,"column":8},"end":{"line":183,"column":14},"skip":true}},"branchMap":{"1":{"line":25,"type":"binary-expr","locations":[{"start":{"line":25,"column":23},"end":{"line":25,"column":62}},{"start":{"line":26,"column":20},"end":{"line":26,"column":70}},{"start":{"line":27,"column":20},"end":{"line":27,"column":71}},{"start":{"line":28,"column":20},"end":{"line":28,"column":29}}]},"2":{"line":30,"type":"binary-expr","locations":[{"start":{"line":30,"column":23},"end":{"line":30,"column":37}},{"start":{"line":31,"column":20},"end":{"line":31,"column":61}},{"start":{"line":32,"column":20},"end":{"line":32,"column":70}},{"start":{"line":33,"column":20},"end":{"line":33,"column":26}}]},"3":{"line":37,"type":"cond-expr","locations":[{"start":{"line":38,"column":14},"end":{"line":38,"column":20}},{"start":{"line":39,"column":14},"end":{"line":39,"column":20}}]},"4":{"line":40,"type":"switch","locations":[{"start":{"line":42,"column":8},"end":{"line":47,"column":18}},{"start":{"line":49,"column":8},"end":{"line":52,"column":18}}]},"5":{"line":44,"type":"binary-expr","locations":[{"start":{"line":44,"column":16},"end":{"line":44,"column":44}},{"start":{"line":44,"column":48},"end":{"line":44,"column":66}}]},"6":{"line":50,"type":"binary-expr","locations":[{"start":{"line":50,"column":21},"end":{"line":50,"column":49}},{"start":{"line":50,"column":53},"end":{"line":50,"column":72}}]},"7":{"line":64,"type":"switch","locations":[{"start":{"line":69,"column":4},"end":{"line":70,"column":14}},{"start":{"line":75,"column":4},"end":{"line":76,"column":14}}]},"8":{"line":85,"type":"switch","locations":[{"start":{"line":90,"column":4},"end":{"line":95,"column":14}},{"start":{"line":101,"column":4},"end":{"line":183,"column":14},"skip":true}]},"9":{"line":92,"type":"binary-expr","locations":[{"start":{"line":92,"column":18},"end":{"line":92,"column":32}},{"start":{"line":93,"column":12},"end":{"line":93,"column":53}},{"start":{"line":94,"column":12},"end":{"line":94,"column":61}}]},"10":{"line":102,"type":"binary-expr","locations":[{"start":{"line":102,"column":45},"end":{"line":102,"column":79},"skip":true},{"start":{"line":102,"column":83},"end":{"line":111,"column":9},"skip":true}]},"11":{"line":113,"type":"binary-expr","locations":[{"start":{"line":113,"column":42},"end":{"line":113,"column":73},"skip":true},{"start":{"line":113,"column":77},"end":{"line":126,"column":9},"skip":true}]},"12":{"line":128,"type":"binary-expr","locations":[{"start":{"line":128,"column":48},"end":{"line":128,"column":85},"skip":true},{"start":{"line":129,"column":12},"end":{"line":135,"column":13},"skip":true}]},"13":{"line":137,"type":"binary-expr","locations":[{"start":{"line":137,"column":42},"end":{"line":137,"column":73},"skip":true},{"start":{"line":137,"column":77},"end":{"line":146,"column":9},"skip":true}]},"14":{"line":148,"type":"binary-expr","locations":[{"start":{"line":148,"column":45},"end":{"line":148,"column":79},"skip":true},{"start":{"line":148,"column":83},"end":{"line":157,"column":9},"skip":true}]},"15":{"line":159,"type":"binary-expr","locations":[{"start":{"line":159,"column":43},"end":{"line":159,"column":75},"skip":true},{"start":{"line":159,"column":79},"end":{"line":168,"column":9},"skip":true}]},"16":{"line":170,"type":"binary-expr","locations":[{"start":{"line":170,"column":41},"end":{"line":170,"column":71},"skip":true},{"start":{"line":170,"column":75},"end":{"line":179,"column":9},"skip":true}]}},"code":["/* istanbul instrument in package npmtest_seneca */","/*jslint","    bitwise: true,","    browser: true,","    maxerr: 8,","    maxlen: 96,","    node: true,","    nomen: true,","    regexp: true,","    stupid: true","*/","(function () {","    'use strict';","    var local;","","","","    // run shared js-env code - pre-init","    (function () {","        // init local","        local = {};","        // init modeJs","        local.modeJs = (function () {","            try {","                return typeof navigator.userAgent === 'string' &&","                    typeof document.querySelector('body') === 'object' &&","                    typeof XMLHttpRequest.prototype.open === 'function' &&","                    'browser';","            } catch (errorCaughtBrowser) {","                return module.exports &&","                    typeof process.versions.node === 'string' &&","                    typeof require('http').createServer === 'function' &&","                    'node';","            }","        }());","        // init global","        local.global = local.modeJs === 'browser'","            ? window","            : global;","        switch (local.modeJs) {","        // re-init local from window.local","        case 'browser':","            local = local.global.utility2.objectSetDefault(","                local.global.utility2_rollup || local.global.local,","                local.global.utility2","            );","            break;","        // re-init local from example.js","        case 'node':","            local = (local.global.utility2_rollup || require('utility2'))","                .requireExampleJsFromReadme();","            break;","        }","        // export local","        local.global.local = local;","    }());","","","","    // run shared js-env code - function","    (function () {","        return;","    }());","    switch (local.modeJs) {","","","","    // run browser js-env code - function","    case 'browser':","        break;","","","","    // run node js-env code - function","    case 'node':","        break;","    }","","","","    // run shared js-env code - post-init","    (function () {","        return;","    }());","    switch (local.modeJs) {","","","","    // run browser js-env code - post-init","    case 'browser':","        // run tests","        local.nop(local.modeTest &&","            document.querySelector('#testRunButton1') &&","            document.querySelector('#testRunButton1').click());","        break;","","","","    // run node js-env code - post-init","    /* istanbul ignore next */","    case 'node':","        local.testCase_buildApidoc_default = local.testCase_buildApidoc_default || function (","            options,","            onError","        ) {","        /*","         * this function will test buildApidoc's default handling-behavior-behavior","         */","            options = { modulePathList: module.paths };","            local.buildApidoc(options, onError);","        };","","        local.testCase_buildApp_default = local.testCase_buildApp_default || function (","            options,","            onError","        ) {","        /*","         * this function will test buildApp's default handling-behavior-behavior","         */","            local.testCase_buildReadme_default(options, local.onErrorThrow);","            local.testCase_buildLib_default(options, local.onErrorThrow);","            local.testCase_buildTest_default(options, local.onErrorThrow);","            local.testCase_buildCustomOrg_default(options, local.onErrorThrow);","            options = [];","            local.buildApp(options, onError);","        };","","        local.testCase_buildCustomOrg_default = local.testCase_buildCustomOrg_default ||","            function (options, onError) {","            /*","             * this function will test buildCustomOrg's default handling-behavior","             */","                options = {};","                local.buildCustomOrg(options, onError);","            };","","        local.testCase_buildLib_default = local.testCase_buildLib_default || function (","            options,","            onError","        ) {","        /*","         * this function will test buildLib's default handling-behavior","         */","            options = {};","            local.buildLib(options, onError);","        };","","        local.testCase_buildReadme_default = local.testCase_buildReadme_default || function (","            options,","            onError","        ) {","        /*","         * this function will test buildReadme's default handling-behavior-behavior","         */","            options = {};","            local.buildReadme(options, onError);","        };","","        local.testCase_buildTest_default = local.testCase_buildTest_default || function (","            options,","            onError","        ) {","        /*","         * this function will test buildTest's default handling-behavior","         */","            options = {};","            local.buildTest(options, onError);","        };","","        local.testCase_webpage_default = local.testCase_webpage_default || function (","            options,","            onError","        ) {","        /*","         * this function will test webpage's default handling-behavior","         */","            options = { modeCoverageMerge: true, url: local.serverLocalHost + '?modeTest=1' };","            local.browserTest(options, onError);","        };","","        // run test-server","        local.testRunServer(local);","        break;","    }","}());",""],"l":{"12":2,"14":2,"19":2,"21":2,"23":2,"24":2,"25":2,"30":1,"37":2,"40":2,"43":1,"47":1,"50":1,"52":1,"55":2,"61":2,"62":2,"64":2,"70":1,"76":1,"82":2,"83":2,"85":2,"92":1,"95":1,"102":1,"109":1,"110":1,"113":1,"120":1,"121":1,"122":1,"123":1,"124":1,"125":1,"128":1,"133":2,"134":2,"137":1,"144":2,"145":2,"148":1,"155":2,"156":2,"159":1,"166":2,"167":2,"170":1,"177":1,"178":1,"182":1,"183":1}},"/home/travis/build/npmtest/node-npmtest-seneca/lib.npmtest_seneca.js":{"path":"/home/travis/build/npmtest/node-npmtest-seneca/lib.npmtest_seneca.js","s":{"1":2,"2":2,"3":2,"4":2,"5":2,"6":2,"7":2,"8":1,"9":2,"10":2,"11":2,"12":2,"13":1,"14":1,"15":1,"16":1},"b":{"1":[2,1,1,1],"2":[1,1,1,1],"3":[1,1],"4":[2,2],"5":[1,1]},"f":{"1":2,"2":2,"3":2},"fnMap":{"1":{"name":"(anonymous_1)","line":12,"loc":{"start":{"line":12,"column":1},"end":{"line":12,"column":13}}},"2":{"name":"(anonymous_2)","line":19,"loc":{"start":{"line":19,"column":5},"end":{"line":19,"column":17}}},"3":{"name":"(anonymous_3)","line":23,"loc":{"start":{"line":23,"column":24},"end":{"line":23,"column":36}}}},"statementMap":{"1":{"start":{"line":12,"column":0},"end":{"line":53,"column":5}},"2":{"start":{"line":14,"column":4},"end":{"line":14,"column":14}},"3":{"start":{"line":19,"column":4},"end":{"line":52,"column":9}},"4":{"start":{"line":21,"column":8},"end":{"line":21,"column":19}},"5":{"start":{"line":23,"column":8},"end":{"line":35,"column":13}},"6":{"start":{"line":24,"column":12},"end":{"line":34,"column":13}},"7":{"start":{"line":25,"column":16},"end":{"line":28,"column":30}},"8":{"start":{"line":30,"column":16},"end":{"line":33,"column":27}},"9":{"start":{"line":37,"column":8},"end":{"line":39,"column":21}},"10":{"start":{"line":41,"column":8},"end":{"line":41,"column":54}},"11":{"start":{"line":43,"column":8},"end":{"line":43,"column":51}},"12":{"start":{"line":45,"column":8},"end":{"line":51,"column":9}},"13":{"start":{"line":46,"column":12},"end":{"line":46,"column":57}},"14":{"start":{"line":48,"column":12},"end":{"line":48,"column":35}},"15":{"start":{"line":49,"column":12},"end":{"line":49,"column":49}},"16":{"start":{"line":50,"column":12},"end":{"line":50,"column":43}}},"branchMap":{"1":{"line":25,"type":"binary-expr","locations":[{"start":{"line":25,"column":23},"end":{"line":25,"column":62}},{"start":{"line":26,"column":20},"end":{"line":26,"column":70}},{"start":{"line":27,"column":20},"end":{"line":27,"column":71}},{"start":{"line":28,"column":20},"end":{"line":28,"column":29}}]},"2":{"line":30,"type":"binary-expr","locations":[{"start":{"line":30,"column":23},"end":{"line":30,"column":37}},{"start":{"line":31,"column":20},"end":{"line":31,"column":61}},{"start":{"line":32,"column":20},"end":{"line":32,"column":70}},{"start":{"line":33,"column":20},"end":{"line":33,"column":26}}]},"3":{"line":37,"type":"cond-expr","locations":[{"start":{"line":38,"column":14},"end":{"line":38,"column":20}},{"start":{"line":39,"column":14},"end":{"line":39,"column":20}}]},"4":{"line":41,"type":"binary-expr","locations":[{"start":{"line":41,"column":16},"end":{"line":41,"column":44}},{"start":{"line":41,"column":48},"end":{"line":41,"column":53}}]},"5":{"line":45,"type":"if","locations":[{"start":{"line":45,"column":8},"end":{"line":45,"column":8}},{"start":{"line":45,"column":8},"end":{"line":45,"column":8}}]}},"code":["/* istanbul instrument in package npmtest_seneca */","/*jslint","    bitwise: true,","    browser: true,","    maxerr: 8,","    maxlen: 96,","    node: true,","    nomen: true,","    regexp: true,","    stupid: true","*/","(function () {","    'use strict';","    var local;","","","","    // run shared js-env code - pre-init","    (function () {","        // init local","        local = {};","        // init modeJs","        local.modeJs = (function () {","            try {","                return typeof navigator.userAgent === 'string' &&","                    typeof document.querySelector('body') === 'object' &&","                    typeof XMLHttpRequest.prototype.open === 'function' &&","                    'browser';","            } catch (errorCaughtBrowser) {","                return module.exports &&","                    typeof process.versions.node === 'string' &&","                    typeof require('http').createServer === 'function' &&","                    'node';","            }","        }());","        // init global","        local.global = local.modeJs === 'browser'","            ? window","            : global;","        // init utility2_rollup","        local = local.global.utility2_rollup || local;","        // init lib","        local.local = local.npmtest_seneca = local;","        // init exports","        if (local.modeJs === 'browser') {","            local.global.utility2_npmtest_seneca = local;","        } else {","            module.exports = local;","            module.exports.__dirname = __dirname;","            module.exports.module = module;","        }","    }());","}());",""],"l":{"12":2,"14":2,"19":2,"21":2,"23":2,"24":2,"25":2,"30":1,"37":2,"41":2,"43":2,"45":2,"46":1,"48":1,"49":1,"50":1}},"/home/travis/build/npmtest/node-npmtest-seneca/example.js":{"path":"/home/travis/build/npmtest/node-npmtest-seneca/example.js","s":{"1":2,"2":2,"3":2,"4":2,"5":2,"6":2,"7":2,"8":1,"9":2,"10":2,"11":2,"12":2,"13":1,"14":2,"15":2,"16":2,"17":2,"18":2,"19":0,"20":2,"21":1,"22":1,"23":1,"24":1,"25":1,"26":0,"27":0,"28":1,"29":1,"30":2,"31":0,"32":0,"33":0,"34":1,"35":2,"36":2,"37":2,"38":2,"39":2,"40":2,"41":0,"42":2,"43":2,"44":2,"45":1,"46":3,"47":1,"48":1,"49":1,"50":1,"51":1,"52":1,"53":1,"54":1,"55":1,"56":1,"57":0,"58":1,"59":6,"60":6,"61":1,"62":2,"63":0,"64":2,"65":1,"66":1,"67":0,"68":0,"69":0,"70":0,"71":0,"72":0,"73":0,"74":0,"75":0,"76":0,"77":0,"78":0,"79":0,"80":0,"81":0,"82":0,"83":0},"b":{"1":[2,1,1,1],"2":[1,1,1,1],"3":[1,1],"4":[2,2],"5":[1,1],"6":[1,1],"7":[2,0],"8":[2,1,1,1,1,1],"9":[0,2,0],"10":[1,1],"11":[2,1,1],"12":[1,0],"13":[0,2],"14":[2,0,0,0,0,0,0],"15":[0,2],"16":[2,0],"17":[1,1],"18":[0,1],"19":[1,2,0,2],"20":[1,0],"21":[1,1],"22":[0,0],"23":[0,0],"24":[0,0],"25":[0,0],"26":[0,0],"27":[0,0],"28":[0,0]},"f":{"1":2,"2":2,"3":2,"4":2,"5":2,"6":2,"7":2,"8":2,"9":3,"10":1,"11":6,"12":0},"fnMap":{"1":{"name":"(anonymous_1)","line":26,"loc":{"start":{"line":26,"column":1},"end":{"line":26,"column":13}}},"2":{"name":"(anonymous_2)","line":33,"loc":{"start":{"line":33,"column":5},"end":{"line":33,"column":17}}},"3":{"name":"(anonymous_3)","line":37,"loc":{"start":{"line":37,"column":24},"end":{"line":37,"column":36}}},"4":{"name":"(anonymous_4)","line":69,"loc":{"start":{"line":69,"column":31},"end":{"line":69,"column":48}},"skip":true},"5":{"name":"(anonymous_5)","line":78,"loc":{"start":{"line":78,"column":26},"end":{"line":78,"column":45}},"skip":true},"6":{"name":"(anonymous_6)","line":123,"loc":{"start":{"line":123,"column":33},"end":{"line":123,"column":48}},"skip":true},"7":{"name":"(anonymous_7)","line":125,"loc":{"start":{"line":125,"column":27},"end":{"line":125,"column":39}},"skip":true},"8":{"name":"(anonymous_8)","line":133,"loc":{"start":{"line":133,"column":59},"end":{"line":133,"column":74}},"skip":true},"9":{"name":"(anonymous_9)","line":143,"loc":{"start":{"line":143,"column":45},"end":{"line":143,"column":62}},"skip":true},"10":{"name":"(anonymous_10)","line":144,"loc":{"start":{"line":144,"column":73},"end":{"line":144,"column":92}},"skip":true},"11":{"name":"(anonymous_11)","line":272,"loc":{"start":{"line":272,"column":51},"end":{"line":272,"column":77}},"skip":true},"12":{"name":"(anonymous_12)","line":314,"loc":{"start":{"line":314,"column":32},"end":{"line":314,"column":61}},"skip":true}},"statementMap":{"1":{"start":{"line":26,"column":0},"end":{"line":325,"column":5}},"2":{"start":{"line":28,"column":4},"end":{"line":28,"column":14}},"3":{"start":{"line":33,"column":4},"end":{"line":60,"column":9}},"4":{"start":{"line":35,"column":8},"end":{"line":35,"column":19}},"5":{"start":{"line":37,"column":8},"end":{"line":49,"column":13}},"6":{"start":{"line":38,"column":12},"end":{"line":48,"column":13}},"7":{"start":{"line":39,"column":16},"end":{"line":42,"column":30}},"8":{"start":{"line":44,"column":16},"end":{"line":47,"column":27}},"9":{"start":{"line":51,"column":8},"end":{"line":53,"column":21}},"10":{"start":{"line":55,"column":8},"end":{"line":57,"column":45}},"11":{"start":{"line":59,"column":8},"end":{"line":59,"column":35}},"12":{"start":{"line":61,"column":4},"end":{"line":324,"column":5}},"13":{"start":{"line":69,"column":8},"end":{"line":121,"column":10},"skip":true},"14":{"start":{"line":70,"column":12},"end":{"line":88,"column":13},"skip":true},"15":{"start":{"line":76,"column":16},"end":{"line":87,"column":19},"skip":true},"16":{"start":{"line":79,"column":20},"end":{"line":86,"column":21},"skip":true},"17":{"start":{"line":82,"column":24},"end":{"line":82,"column":43},"skip":true},"18":{"start":{"line":83,"column":24},"end":{"line":83,"column":30},"skip":true},"19":{"start":{"line":85,"column":24},"end":{"line":85,"column":49},"skip":true},"20":{"start":{"line":89,"column":12},"end":{"line":107,"column":13},"skip":true},"21":{"start":{"line":92,"column":16},"end":{"line":102,"column":17},"skip":true},"22":{"start":{"line":93,"column":20},"end":{"line":93,"column":86},"skip":true},"23":{"start":{"line":94,"column":20},"end":{"line":95,"column":45},"skip":true},"24":{"start":{"line":96,"column":20},"end":{"line":96,"column":42},"skip":true},"25":{"start":{"line":97,"column":20},"end":{"line":97,"column":48},"skip":true},"26":{"start":{"line":100,"column":20},"end":{"line":100,"column":85},"skip":true},"27":{"start":{"line":101,"column":20},"end":{"line":101,"column":96},"skip":true},"28":{"start":{"line":103,"column":16},"end":{"line":103,"column":22},"skip":true},"29":{"start":{"line":106,"column":16},"end":{"line":106,"column":22},"skip":true},"30":{"start":{"line":108,"column":12},"end":{"line":120,"column":13},"skip":true},"31":{"start":{"line":114,"column":16},"end":{"line":119,"column":17},"skip":true},"32":{"start":{"line":116,"column":20},"end":{"line":116,"column":78},"skip":true},"33":{"start":{"line":118,"column":20},"end":{"line":118,"column":47},"skip":true},"34":{"start":{"line":123,"column":8},"end":{"line":141,"column":11},"skip":true},"35":{"start":{"line":124,"column":12},"end":{"line":124,"column":54},"skip":true},"36":{"start":{"line":125,"column":12},"end":{"line":140,"column":14},"skip":true},"37":{"start":{"line":126,"column":16},"end":{"line":126,"column":28},"skip":true},"38":{"start":{"line":127,"column":16},"end":{"line":127,"column":69},"skip":true},"39":{"start":{"line":128,"column":16},"end":{"line":128,"column":75},"skip":true},"40":{"start":{"line":129,"column":16},"end":{"line":131,"column":17},"skip":true},"41":{"start":{"line":130,"column":20},"end":{"line":130,"column":27},"skip":true},"42":{"start":{"line":133,"column":16},"end":{"line":137,"column":36},"skip":true},"43":{"start":{"line":134,"column":20},"end":{"line":136,"column":55},"skip":true},"44":{"start":{"line":139,"column":16},"end":{"line":139,"column":57},"skip":true},"45":{"start":{"line":143,"column":8},"end":{"line":147,"column":11},"skip":true},"46":{"start":{"line":144,"column":12},"end":{"line":146,"column":15},"skip":true},"47":{"start":{"line":145,"column":16},"end":{"line":145,"column":70},"skip":true},"48":{"start":{"line":149,"column":8},"end":{"line":149,"column":31},"skip":true},"49":{"start":{"line":150,"column":8},"end":{"line":150,"column":14},"skip":true},"50":{"start":{"line":158,"column":8},"end":{"line":158,"column":31},"skip":true},"51":{"start":{"line":160,"column":8},"end":{"line":160,"column":33},"skip":true},"52":{"start":{"line":161,"column":8},"end":{"line":161,"column":37},"skip":true},"53":{"start":{"line":162,"column":8},"end":{"line":162,"column":35},"skip":true},"54":{"start":{"line":164,"column":8},"end":{"line":164,"column":50},"skip":true},"55":{"start":{"line":166,"column":8},"end":{"line":256,"column":2},"skip":true},"56":{"start":{"line":258,"column":8},"end":{"line":286,"column":9},"skip":true},"57":{"start":{"line":259,"column":12},"end":{"line":269,"column":14},"skip":true},"58":{"start":{"line":271,"column":12},"end":{"line":285,"column":19},"skip":true},"59":{"start":{"line":274,"column":20},"end":{"line":274,"column":35},"skip":true},"60":{"start":{"line":275,"column":20},"end":{"line":284,"column":21},"skip":true},"61":{"start":{"line":277,"column":24},"end":{"line":277,"column":64},"skip":true},"62":{"start":{"line":279,"column":24},"end":{"line":279,"column":40},"skip":true},"63":{"start":{"line":281,"column":24},"end":{"line":281,"column":40},"skip":true},"64":{"start":{"line":283,"column":24},"end":{"line":283,"column":39},"skip":true},"65":{"start":{"line":288,"column":8},"end":{"line":290,"column":9},"skip":true},"66":{"start":{"line":289,"column":12},"end":{"line":289,"column":18},"skip":true},"67":{"start":{"line":291,"column":8},"end":{"line":293,"column":54},"skip":true},"68":{"start":{"line":294,"column":8},"end":{"line":301,"column":37},"skip":true},"69":{"start":{"line":302,"column":8},"end":{"line":302,"column":82},"skip":true},"70":{"start":{"line":305,"column":8},"end":{"line":307,"column":9},"skip":true},"71":{"start":{"line":306,"column":12},"end":{"line":306,"column":82},"skip":true},"72":{"start":{"line":309,"column":8},"end":{"line":311,"column":9},"skip":true},"73":{"start":{"line":310,"column":12},"end":{"line":310,"column":18},"skip":true},"74":{"start":{"line":312,"column":8},"end":{"line":312,"column":54},"skip":true},"75":{"start":{"line":313,"column":8},"end":{"line":313,"column":69},"skip":true},"76":{"start":{"line":314,"column":8},"end":{"line":322,"column":36},"skip":true},"77":{"start":{"line":315,"column":12},"end":{"line":315,"column":61},"skip":true},"78":{"start":{"line":316,"column":12},"end":{"line":319,"column":13},"skip":true},"79":{"start":{"line":317,"column":16},"end":{"line":317,"column":75},"skip":true},"80":{"start":{"line":318,"column":16},"end":{"line":318,"column":23},"skip":true},"81":{"start":{"line":320,"column":12},"end":{"line":320,"column":38},"skip":true},"82":{"start":{"line":321,"column":12},"end":{"line":321,"column":27},"skip":true},"83":{"start":{"line":323,"column":8},"end":{"line":323,"column":14},"skip":true}},"branchMap":{"1":{"line":39,"type":"binary-expr","locations":[{"start":{"line":39,"column":23},"end":{"line":39,"column":62}},{"start":{"line":40,"column":20},"end":{"line":40,"column":70}},{"start":{"line":41,"column":20},"end":{"line":41,"column":71}},{"start":{"line":42,"column":20},"end":{"line":42,"column":29}}]},"2":{"line":44,"type":"binary-expr","locations":[{"start":{"line":44,"column":23},"end":{"line":44,"column":37}},{"start":{"line":45,"column":20},"end":{"line":45,"column":61}},{"start":{"line":46,"column":20},"end":{"line":46,"column":70}},{"start":{"line":47,"column":20},"end":{"line":47,"column":26}}]},"3":{"line":51,"type":"cond-expr","locations":[{"start":{"line":52,"column":14},"end":{"line":52,"column":20}},{"start":{"line":53,"column":14},"end":{"line":53,"column":20}}]},"4":{"line":55,"type":"binary-expr","locations":[{"start":{"line":55,"column":16},"end":{"line":55,"column":44}},{"start":{"line":55,"column":49},"end":{"line":57,"column":43}}]},"5":{"line":55,"type":"cond-expr","locations":[{"start":{"line":56,"column":14},"end":{"line":56,"column":50}},{"start":{"line":57,"column":14},"end":{"line":57,"column":43}}]},"6":{"line":61,"type":"switch","locations":[{"start":{"line":68,"column":4},"end":{"line":150,"column":14},"skip":true},{"start":{"line":156,"column":4},"end":{"line":323,"column":14},"skip":true}]},"7":{"line":70,"type":"if","locations":[{"start":{"line":70,"column":12},"end":{"line":70,"column":12},"skip":true},{"start":{"line":70,"column":12},"end":{"line":70,"column":12},"skip":true}]},"8":{"line":70,"type":"binary-expr","locations":[{"start":{"line":70,"column":16},"end":{"line":70,"column":22},"skip":true},{"start":{"line":70,"column":27},"end":{"line":70,"column":32},"skip":true},{"start":{"line":71,"column":20},"end":{"line":71,"column":39},"skip":true},{"start":{"line":72,"column":20},"end":{"line":72,"column":49},"skip":true},{"start":{"line":73,"column":20},"end":{"line":73,"column":58},"skip":true},{"start":{"line":74,"column":20},"end":{"line":74,"column":69},"skip":true}]},"9":{"line":79,"type":"switch","locations":[{"start":{"line":80,"column":20},"end":{"line":80,"column":33},"skip":true},{"start":{"line":81,"column":20},"end":{"line":83,"column":30},"skip":true},{"start":{"line":84,"column":20},"end":{"line":85,"column":49},"skip":true}]},"10":{"line":89,"type":"switch","locations":[{"start":{"line":90,"column":12},"end":{"line":103,"column":22},"skip":true},{"start":{"line":105,"column":12},"end":{"line":106,"column":22},"skip":true}]},"11":{"line":89,"type":"binary-expr","locations":[{"start":{"line":89,"column":20},"end":{"line":89,"column":25},"skip":true},{"start":{"line":89,"column":29},"end":{"line":89,"column":48},"skip":true},{"start":{"line":89,"column":52},"end":{"line":89,"column":74},"skip":true}]},"12":{"line":92,"type":"if","locations":[{"start":{"line":92,"column":16},"end":{"line":92,"column":16},"skip":true},{"start":{"line":92,"column":16},"end":{"line":92,"column":16},"skip":true}]},"13":{"line":108,"type":"if","locations":[{"start":{"line":108,"column":12},"end":{"line":108,"column":12},"skip":true},{"start":{"line":108,"column":12},"end":{"line":108,"column":12},"skip":true}]},"14":{"line":108,"type":"binary-expr","locations":[{"start":{"line":108,"column":16},"end":{"line":108,"column":61},"skip":true},{"start":{"line":108,"column":66},"end":{"line":108,"column":72},"skip":true},{"start":{"line":108,"column":77},"end":{"line":108,"column":82},"skip":true},{"start":{"line":109,"column":20},"end":{"line":109,"column":39},"skip":true},{"start":{"line":110,"column":20},"end":{"line":110,"column":49},"skip":true},{"start":{"line":111,"column":20},"end":{"line":111,"column":58},"skip":true},{"start":{"line":112,"column":20},"end":{"line":112,"column":68},"skip":true}]},"15":{"line":129,"type":"if","locations":[{"start":{"line":129,"column":16},"end":{"line":129,"column":16},"skip":true},{"start":{"line":129,"column":16},"end":{"line":129,"column":16},"skip":true}]},"16":{"line":134,"type":"cond-expr","locations":[{"start":{"line":135,"column":26},"end":{"line":135,"column":29},"skip":true},{"start":{"line":136,"column":26},"end":{"line":136,"column":54},"skip":true}]},"17":{"line":164,"type":"binary-expr","locations":[{"start":{"line":164,"column":27},"end":{"line":164,"column":43},"skip":true},{"start":{"line":164,"column":47},"end":{"line":164,"column":49},"skip":true}]},"18":{"line":258,"type":"if","locations":[{"start":{"line":258,"column":8},"end":{"line":258,"column":8},"skip":true},{"start":{"line":258,"column":8},"end":{"line":258,"column":8},"skip":true}]},"19":{"line":275,"type":"switch","locations":[{"start":{"line":276,"column":20},"end":{"line":277,"column":64},"skip":true},{"start":{"line":278,"column":20},"end":{"line":279,"column":40},"skip":true},{"start":{"line":280,"column":20},"end":{"line":281,"column":40},"skip":true},{"start":{"line":282,"column":20},"end":{"line":283,"column":39},"skip":true}]},"20":{"line":288,"type":"if","locations":[{"start":{"line":288,"column":8},"end":{"line":288,"column":8},"skip":true},{"start":{"line":288,"column":8},"end":{"line":288,"column":8},"skip":true}]},"21":{"line":288,"type":"binary-expr","locations":[{"start":{"line":288,"column":12},"end":{"line":288,"column":40},"skip":true},{"start":{"line":288,"column":44},"end":{"line":288,"column":67},"skip":true}]},"22":{"line":292,"type":"binary-expr","locations":[{"start":{"line":292,"column":12},"end":{"line":292,"column":50},"skip":true},{"start":{"line":293,"column":12},"end":{"line":293,"column":53},"skip":true}]},"23":{"line":295,"type":"binary-expr","locations":[{"start":{"line":295,"column":12},"end":{"line":295,"column":64},"skip":true},{"start":{"line":296,"column":12},"end":{"line":301,"column":36},"skip":true}]},"24":{"line":302,"type":"binary-expr","locations":[{"start":{"line":302,"column":43},"end":{"line":302,"column":75},"skip":true},{"start":{"line":302,"column":79},"end":{"line":302,"column":81},"skip":true}]},"25":{"line":305,"type":"if","locations":[{"start":{"line":305,"column":8},"end":{"line":305,"column":8},"skip":true},{"start":{"line":305,"column":8},"end":{"line":305,"column":8},"skip":true}]},"26":{"line":309,"type":"if","locations":[{"start":{"line":309,"column":8},"end":{"line":309,"column":8},"skip":true},{"start":{"line":309,"column":8},"end":{"line":309,"column":8},"skip":true}]},"27":{"line":312,"type":"binary-expr","locations":[{"start":{"line":312,"column":27},"end":{"line":312,"column":43},"skip":true},{"start":{"line":312,"column":47},"end":{"line":312,"column":53},"skip":true}]},"28":{"line":316,"type":"if","locations":[{"start":{"line":316,"column":12},"end":{"line":316,"column":12},"skip":true},{"start":{"line":316,"column":12},"end":{"line":316,"column":12},"skip":true}]}},"code":["/*","example.js","","quickstart example","","instruction","    1. save this script as example.js","    2. run the shell command:","        $ npm install npmtest-seneca && PORT=8081 node example.js","    3. play with the browser-demo on http://127.0.0.1:8081","*/","","","","/* istanbul instrument in package npmtest_seneca */","/*jslint","    bitwise: true,","    browser: true,","    maxerr: 8,","    maxlen: 96,","    node: true,","    nomen: true,","    regexp: true,","    stupid: true","*/","(function () {","    'use strict';","    var local;","","","","    // run shared js-env code - pre-init","    (function () {","        // init local","        local = {};","        // init modeJs","        local.modeJs = (function () {","            try {","                return typeof navigator.userAgent === 'string' &&","                    typeof document.querySelector('body') === 'object' &&","                    typeof XMLHttpRequest.prototype.open === 'function' &&","                    'browser';","            } catch (errorCaughtBrowser) {","                return module.exports &&","                    typeof process.versions.node === 'string' &&","                    typeof require('http').createServer === 'function' &&","                    'node';","            }","        }());","        // init global","        local.global = local.modeJs === 'browser'","            ? window","            : global;","        // init utility2_rollup","        local = local.global.utility2_rollup || (local.modeJs === 'browser'","            ? local.global.utility2_npmtest_seneca","            : global.utility2_moduleExports);","        // export local","        local.global.local = local;","    }());","    switch (local.modeJs) {","","","","    // post-init","    // run browser js-env code - post-init","    /* istanbul ignore next */","    case 'browser':","        local.testRunBrowser = function (event) {","            if (!event || (event &&","                    event.currentTarget &&","                    event.currentTarget.className &&","                    event.currentTarget.className.includes &&","                    event.currentTarget.className.includes('onreset'))) {","                // reset output","                Array.from(","                    document.querySelectorAll('body > .resettable')","                ).forEach(function (element) {","                    switch (element.tagName) {","                    case 'INPUT':","                    case 'TEXTAREA':","                        element.value = '';","                        break;","                    default:","                        element.textContent = '';","                    }","                });","            }","            switch (event && event.currentTarget && event.currentTarget.id) {","            case 'testRunButton1':","                // show tests","                if (document.querySelector('#testReportDiv1').style.display === 'none') {","                    document.querySelector('#testReportDiv1').style.display = 'block';","                    document.querySelector('#testRunButton1').textContent =","                        'hide internal test';","                    local.modeTest = true;","                    local.testRunDefault(local);","                // hide tests","                } else {","                    document.querySelector('#testReportDiv1').style.display = 'none';","                    document.querySelector('#testRunButton1').textContent = 'run internal test';","                }","                break;","            // custom-case","            default:","                break;","            }","            if (document.querySelector('#inputTextareaEval1') && (!event || (event &&","                    event.currentTarget &&","                    event.currentTarget.className &&","                    event.currentTarget.className.includes &&","                    event.currentTarget.className.includes('oneval')))) {","                // try to eval input-code","                try {","                    /*jslint evil: true*/","                    eval(document.querySelector('#inputTextareaEval1').value);","                } catch (errorCaught) {","                    console.error(errorCaught);","                }","            }","        };","        // log stderr and stdout to #outputTextareaStdout1","        ['error', 'log'].forEach(function (key) {","            console[key + '_original'] = console[key];","            console[key] = function () {","                var element;","                console[key + '_original'].apply(console, arguments);","                element = document.querySelector('#outputTextareaStdout1');","                if (!element) {","                    return;","                }","                // append text to #outputTextareaStdout1","                element.value += Array.from(arguments).map(function (arg) {","                    return typeof arg === 'string'","                        ? arg","                        : JSON.stringify(arg, null, 4);","                }).join(' ') + '\\n';","                // scroll textarea to bottom","                element.scrollTop = element.scrollHeight;","            };","        });","        // init event-handling","        ['change', 'click', 'keyup'].forEach(function (event) {","            Array.from(document.querySelectorAll('.on' + event)).forEach(function (element) {","                element.addEventListener(event, local.testRunBrowser);","            });","        });","        // run tests","        local.testRunBrowser();","        break;","","","","    // run node js-env code - post-init","    /* istanbul ignore next */","    case 'node':","        // export local","        module.exports = local;","        // require modules","        local.fs = require('fs');","        local.http = require('http');","        local.url = require('url');","        // init assets","        local.assetsDict = local.assetsDict || {};","        /* jslint-ignore-begin */","        local.assetsDict['/assets.index.template.html'] = '\\","<!doctype html>\\n\\","<html lang=\"en\">\\n\\","<head>\\n\\","<meta charset=\"UTF-8\">\\n\\","<meta name=\"viewport\" content=\"width=device-width, initial-scale=1\">\\n\\","<title>{{env.npm_package_name}} (v{{env.npm_package_version}})</title>\\n\\","<style>\\n\\","/*csslint\\n\\","    box-sizing: false,\\n\\","    universal-selector: false\\n\\","*/\\n\\","* {\\n\\","    box-sizing: border-box;\\n\\","}\\n\\","body {\\n\\","    background: #dde;\\n\\","    font-family: Arial, Helvetica, sans-serif;\\n\\","    margin: 2rem;\\n\\","}\\n\\","body > * {\\n\\","    margin-bottom: 1rem;\\n\\","}\\n\\",".utility2FooterDiv {\\n\\","    margin-top: 20px;\\n\\","    text-align: center;\\n\\","}\\n\\","</style>\\n\\","<style>\\n\\","/*csslint\\n\\","*/\\n\\","textarea {\\n\\","    font-family: monospace;\\n\\","    height: 10rem;\\n\\","    width: 100%;\\n\\","}\\n\\","textarea[readonly] {\\n\\","    background: #ddd;\\n\\","}\\n\\","</style>\\n\\","</head>\\n\\","<body>\\n\\","<!-- utility2-comment\\n\\","<div id=\"ajaxProgressDiv1\" style=\"background: #d00; height: 2px; left: 0; margin: 0; padding: 0; position: fixed; top: 0; transition: background 0.5s, width 1.5s; width: 25%;\"></div>\\n\\","utility2-comment -->\\n\\","<h1>\\n\\","<!-- utility2-comment\\n\\","    <a\\n\\","        {{#if env.npm_package_homepage}}\\n\\","        href=\"{{env.npm_package_homepage}}\"\\n\\","        {{/if env.npm_package_homepage}}\\n\\","        target=\"_blank\"\\n\\","    >\\n\\","utility2-comment -->\\n\\","        {{env.npm_package_name}} (v{{env.npm_package_version}})\\n\\","<!-- utility2-comment\\n\\","    </a>\\n\\","utility2-comment -->\\n\\","</h1>\\n\\","<h3>{{env.npm_package_description}}</h3>\\n\\","<!-- utility2-comment\\n\\","<h4><a download href=\"assets.app.js\">download standalone app</a></h4>\\n\\","<button class=\"onclick onreset\" id=\"testRunButton1\">run internal test</button><br>\\n\\","<div id=\"testReportDiv1\" style=\"display: none;\"></div>\\n\\","utility2-comment -->\\n\\","\\n\\","\\n\\","\\n\\","<label>stderr and stdout</label>\\n\\","<textarea class=\"resettable\" id=\"outputTextareaStdout1\" readonly></textarea>\\n\\","<!-- utility2-comment\\n\\","{{#if isRollup}}\\n\\","<script src=\"assets.app.js\"></script>\\n\\","{{#unless isRollup}}\\n\\","utility2-comment -->\\n\\","<script src=\"assets.utility2.rollup.js\"></script>\\n\\","<script src=\"jsonp.utility2._stateInit?callback=window.utility2._stateInit\"></script>\\n\\","<script src=\"assets.npmtest_seneca.rollup.js\"></script>\\n\\","<script src=\"assets.example.js\"></script>\\n\\","<script src=\"assets.test.js\"></script>\\n\\","<!-- utility2-comment\\n\\","{{/if isRollup}}\\n\\","utility2-comment -->\\n\\","<div class=\"utility2FooterDiv\">\\n\\","    [ this app was created with\\n\\","    <a href=\"https://github.com/kaizhu256/node-utility2\" target=\"_blank\">utility2</a>\\n\\","    ]\\n\\","</div>\\n\\","</body>\\n\\","</html>\\n\\","';","        /* jslint-ignore-end */","        if (local.templateRender) {","            local.assetsDict['/'] = local.templateRender(","                local.assetsDict['/assets.index.template.html'],","                {","                    env: local.objectSetDefault(local.env, {","                        npm_package_description: 'the greatest app in the world!',","                        npm_package_name: 'my-app',","                        npm_package_nameAlias: 'my_app',","                        npm_package_version: '0.0.1'","                    })","                }","            );","        } else {","            local.assetsDict['/'] = local.assetsDict['/assets.index.template.html']","                .replace((/\\{\\{env\\.(\\w+?)\\}\\}/g), function (match0, match1) {","                    // jslint-hack","                    String(match0);","                    switch (match1) {","                    case 'npm_package_description':","                        return 'the greatest app in the world!';","                    case 'npm_package_name':","                        return 'my-app';","                    case 'npm_package_nameAlias':","                        return 'my_app';","                    case 'npm_package_version':","                        return '0.0.1';","                    }","                });","        }","        // run the cli","        if (local.global.utility2_rollup || module !== require.main) {","            break;","        }","        local.assetsDict['/assets.example.js'] =","            local.assetsDict['/assets.example.js'] ||","            local.fs.readFileSync(__filename, 'utf8');","        local.assetsDict['/assets.npmtest_seneca.rollup.js'] =","            local.assetsDict['/assets.npmtest_seneca.rollup.js'] ||","            local.fs.readFileSync(","                // buildCustomOrg-hack","                local.npmtest_seneca.__dirname +","                    '/lib.npmtest_seneca.js',","                'utf8'","            ).replace((/^#!/), '//');","        local.assetsDict['/favicon.ico'] = local.assetsDict['/favicon.ico'] || '';","        // if $npm_config_timeout_exit exists,","        // then exit this process after $npm_config_timeout_exit ms","        if (Number(process.env.npm_config_timeout_exit)) {","            setTimeout(process.exit, Number(process.env.npm_config_timeout_exit));","        }","        // start server","        if (local.global.utility2_serverHttp1) {","            break;","        }","        process.env.PORT = process.env.PORT || '8081';","        console.error('server starting on port ' + process.env.PORT);","        local.http.createServer(function (request, response) {","            request.urlParsed = local.url.parse(request.url);","            if (local.assetsDict[request.urlParsed.pathname] !== undefined) {","                response.end(local.assetsDict[request.urlParsed.pathname]);","                return;","            }","            response.statusCode = 404;","            response.end();","        }).listen(process.env.PORT);","        break;","    }","}());",""],"l":{"26":2,"28":2,"33":2,"35":2,"37":2,"38":2,"39":2,"44":1,"51":2,"55":2,"59":2,"61":2,"69":1,"70":2,"76":2,"79":2,"82":2,"83":2,"85":1,"89":2,"92":1,"93":1,"94":1,"96":1,"97":1,"100":1,"101":1,"103":1,"106":1,"108":2,"114":1,"116":1,"118":1,"123":1,"124":2,"125":2,"126":2,"127":2,"128":2,"129":2,"130":1,"133":2,"134":2,"139":2,"143":1,"144":3,"145":1,"149":1,"150":1,"158":1,"160":1,"161":1,"162":1,"164":1,"166":1,"258":1,"259":1,"271":1,"274":6,"275":6,"277":1,"279":2,"281":1,"283":2,"288":1,"289":1,"291":1,"294":1,"302":1,"305":1,"306":1,"309":1,"310":1,"312":1,"313":1,"314":1,"315":1,"316":1,"317":1,"318":1,"320":1,"321":1,"323":1}},"/home/travis/build/npmtest/node-npmtest-seneca/node_modules/seneca/seneca.js":{"path":"/home/travis/build/npmtest/node-npmtest-seneca/node_modules/seneca/seneca.js","s":{"1":1,"2":1,"3":1,"4":1,"5":1,"6":1,"7":1,"8":1,"9":1,"10":1,"11":1,"12":1,"13":1,"14":1,"15":1,"16":1,"17":1,"18":1,"19":1,"20":1,"21":1,"22":1,"23":1,"24":1,"25":1,"26":1,"27":1,"28":1,"29":0,"30":1,"31":0,"32":0,"33":1,"34":1,"35":0,"36":0,"37":0,"38":0,"39":0,"40":0,"41":0,"42":0,"43":0,"44":0,"45":0,"46":0,"47":0,"48":0,"49":0,"50":1,"51":1,"52":1,"53":0,"54":0,"55":0,"56":0,"57":0,"58":1,"59":0,"60":0,"61":0,"62":0,"63":0,"64":0,"65":1,"66":1,"67":0,"68":1,"69":0,"70":0,"71":0,"72":0,"73":0,"74":0,"75":0,"76":0,"77":0,"78":0,"79":0,"80":0,"81":0,"82":0,"83":0,"84":0,"85":0,"86":0,"87":0,"88":0,"89":0,"90":0,"91":0,"92":0,"93":0,"94":0,"95":0,"96":0,"97":0,"98":0,"99":0,"100":0,"101":0,"102":0,"103":0,"104":0,"105":0,"106":0,"107":0,"108":0,"109":0,"110":0,"111":0,"112":0,"113":0,"114":0,"115":0,"116":0,"117":0,"118":0,"119":0,"120":0,"121":0,"122":0,"123":0,"124":0,"125":0,"126":0,"127":0,"128":0,"129":0,"130":0,"131":0,"132":0,"133":0,"134":0,"135":0,"136":0,"137":0,"138":0,"139":0,"140":0,"141":0,"142":0,"143":0,"144":0,"145":0,"146":0,"147":0,"148":0,"149":0,"150":0,"151":0,"152":0,"153":1,"154":0,"155":0,"156":0,"157":0,"158":0,"159":0,"160":0,"161":0,"162":1,"163":0,"164":0,"165":0,"166":0,"167":0,"168":0,"169":0,"170":1,"171":0,"172":0,"173":0,"174":0,"175":0,"176":0,"177":0,"178":0,"179":0,"180":0,"181":0,"182":0,"183":0,"184":0,"185":0,"186":0,"187":0,"188":0,"189":0,"190":0,"191":1,"192":0,"193":0,"194":0,"195":0,"196":0,"197":0,"198":0,"199":0,"200":0,"201":0,"202":0,"203":1,"204":0,"205":0,"206":0,"207":0,"208":0,"209":0,"210":0,"211":0,"212":0,"213":0,"214":0,"215":0,"216":0,"217":0,"218":0,"219":0,"220":0,"221":0,"222":0,"223":0,"224":0,"225":0,"226":0,"227":0,"228":0,"229":0,"230":0,"231":0,"232":0,"233":0,"234":0,"235":0,"236":0,"237":0,"238":0,"239":0,"240":0,"241":0,"242":0,"243":0,"244":0,"245":0,"246":0,"247":0,"248":0,"249":0,"250":0,"251":0,"252":0,"253":0,"254":0,"255":0,"256":0,"257":1,"258":0,"259":1,"260":0,"261":0,"262":0,"263":0,"264":0,"265":0,"266":0,"267":0,"268":0,"269":0,"270":0,"271":0,"272":0,"273":0,"274":1,"275":0,"276":0,"277":0,"278":0,"279":0,"280":1,"281":0,"282":0,"283":0,"284":0,"285":0,"286":0,"287":0,"288":0,"289":0,"290":0,"291":0,"292":1,"293":0,"294":0,"295":0,"296":0,"297":0,"298":0,"299":0,"300":0,"301":0,"302":0,"303":0,"304":0,"305":1,"306":0,"307":0,"308":1,"309":0,"310":0,"311":0,"312":0,"313":0,"314":0,"315":0,"316":0,"317":0,"318":0,"319":0,"320":0,"321":0,"322":0,"323":0,"324":1,"325":0,"326":0,"327":0,"328":0,"329":0,"330":0,"331":1,"332":0,"333":0,"334":0,"335":0,"336":0,"337":0,"338":0,"339":0,"340":0,"341":0,"342":0,"343":1,"344":0,"345":1,"346":0,"347":1,"348":0,"349":0,"350":0,"351":0,"352":1,"353":0,"354":0,"355":0,"356":0,"357":1,"358":0,"359":0,"360":0,"361":0,"362":0,"363":0,"364":0,"365":0,"366":0,"367":0,"368":0,"369":0,"370":0,"371":0,"372":0,"373":0,"374":0,"375":0,"376":0,"377":0,"378":0,"379":0,"380":1,"381":0,"382":0,"383":0,"384":0,"385":0,"386":0,"387":0,"388":0,"389":0,"390":0,"391":0,"392":0,"393":0,"394":0,"395":0,"396":0,"397":1,"398":0,"399":0,"400":0,"401":0,"402":0,"403":0,"404":0,"405":0,"406":0,"407":0,"408":0,"409":0,"410":0,"411":0,"412":0,"413":0,"414":0,"415":0,"416":0,"417":0,"418":0,"419":0,"420":0,"421":0,"422":0,"423":0,"424":0,"425":0,"426":0,"427":0,"428":0,"429":0,"430":0,"431":0,"432":0,"433":0,"434":1,"435":0,"436":0,"437":0,"438":0,"439":0,"440":0,"441":0,"442":0,"443":0,"444":0,"445":0,"446":0,"447":0,"448":0,"449":0,"450":1,"451":0,"452":0,"453":0,"454":0,"455":0,"456":0,"457":0,"458":0,"459":0,"460":0,"461":0,"462":0,"463":0,"464":0,"465":0,"466":0,"467":0,"468":1,"469":0,"470":0,"471":0,"472":0,"473":0,"474":0,"475":0,"476":0,"477":0,"478":0,"479":1,"480":0,"481":0,"482":0,"483":0,"484":0,"485":0,"486":0,"487":0,"488":1,"489":0,"490":0,"491":0,"492":0,"493":0,"494":0,"495":0,"496":0,"497":0,"498":0,"499":0,"500":0,"501":0,"502":0,"503":0,"504":0,"505":0,"506":0,"507":0,"508":0,"509":0,"510":0,"511":0,"512":0,"513":0,"514":0,"515":1,"516":0,"517":0,"518":0,"519":0,"520":0,"521":0,"522":0,"523":0,"524":0,"525":1,"526":0,"527":0,"528":1,"529":0,"530":0,"531":0,"532":0,"533":0,"534":0,"535":1,"536":0,"537":0,"538":0,"539":0,"540":0,"541":0,"542":0,"543":0,"544":0,"545":0,"546":0,"547":0,"548":0,"549":0,"550":0,"551":0,"552":0,"553":0,"554":0,"555":0,"556":0,"557":0,"558":0,"559":0,"560":0,"561":0,"562":0,"563":1,"564":0,"565":1,"566":0,"567":0,"568":1,"569":0,"570":0,"571":0,"572":0,"573":0,"574":0,"575":0,"576":0,"577":0,"578":0,"579":0,"580":0,"581":0,"582":0,"583":0,"584":0,"585":0,"586":0,"587":0,"588":1,"589":0,"590":0,"591":0,"592":0,"593":0,"594":0,"595":0,"596":0,"597":1,"598":0,"599":0,"600":1,"601":0,"602":0,"603":0,"604":0,"605":0,"606":0,"607":0,"608":0,"609":1,"610":0,"611":1,"612":0,"613":0,"614":0,"615":0,"616":1,"617":0,"618":0,"619":0,"620":0,"621":0,"622":1,"623":0,"624":0,"625":0,"626":0,"627":0,"628":0,"629":0,"630":1,"631":1,"632":0,"633":0,"634":0,"635":0,"636":0,"637":0,"638":0,"639":1,"640":0,"641":0,"642":0,"643":1,"644":0,"645":0,"646":0,"647":1,"648":0,"649":0,"650":0,"651":0,"652":0,"653":0,"654":0,"655":0,"656":0,"657":0,"658":0,"659":0,"660":0,"661":0,"662":0,"663":0,"664":0,"665":0,"666":0,"667":0,"668":0,"669":0,"670":0,"671":0,"672":0,"673":0,"674":0,"675":0,"676":0,"677":0,"678":0,"679":0,"680":0,"681":0,"682":0,"683":0,"684":0,"685":0,"686":0},"b":{"1":[0,0],"2":[0,0],"3":[0,1],"4":[0,0],"5":[0,0],"6":[0,0],"7":[0,0],"8":[0,0],"9":[0,0],"10":[0,0],"11":[0,0],"12":[0,0],"13":[0,0],"14":[0,0],"15":[0,0],"16":[0,0],"17":[0,0],"18":[0,0],"19":[0,0],"20":[0,0],"21":[0,0],"22":[0,0,0,0,0,0],"23":[0,0],"24":[0,0],"25":[0,0],"26":[0,0],"27":[0,0],"28":[0,0],"29":[0,0],"30":[0,0],"31":[0,0],"32":[0,0],"33":[0,0],"34":[0,0],"35":[0,0],"36":[0,0],"37":[0,0],"38":[0,0],"39":[0,0],"40":[0,0],"41":[0,0],"42":[0,0],"43":[0,0],"44":[0,0],"45":[0,0],"46":[0,0],"47":[0,0],"48":[0,0],"49":[0,0],"50":[0,0],"51":[0,0],"52":[0,0,0],"53":[0,0],"54":[0,0],"55":[0,0],"56":[0,0],"57":[0,0],"58":[0,0],"59":[0,0],"60":[0,0],"61":[0,0],"62":[0,0],"63":[0,0],"64":[0,0],"65":[0,0],"66":[0,0],"67":[0,0],"68":[0,0],"69":[0,0],"70":[0,0],"71":[0,0],"72":[0,0],"73":[0,0],"74":[0,0],"75":[0,0],"76":[0,0],"77":[0,0],"78":[0,0,0],"79":[0,0],"80":[0,0],"81":[0,0],"82":[0,0],"83":[0,0],"84":[0,0],"85":[0,0],"86":[0,0],"87":[0,0],"88":[0,0],"89":[0,0],"90":[0,0],"91":[0,0],"92":[0,0],"93":[0,0],"94":[0,0],"95":[0,0],"96":[0,0],"97":[0,0],"98":[0,0],"99":[0,0],"100":[0,0],"101":[0,0],"102":[0,0],"103":[0,0],"104":[0,0],"105":[0,0],"106":[0,0,0],"107":[0,0],"108":[0,0],"109":[0,0],"110":[0,0,0],"111":[0,0],"112":[0,0],"113":[0,0],"114":[0,0],"115":[0,0],"116":[0,0],"117":[0,0],"118":[0,0],"119":[0,0],"120":[0,0],"121":[0,0],"122":[0,0],"123":[0,0],"124":[0,0],"125":[0,0],"126":[0,0,0],"127":[0,0],"128":[0,0],"129":[0,0],"130":[0,0],"131":[0,0],"132":[0,0],"133":[0,0],"134":[0,0],"135":[0,0],"136":[0,0],"137":[0,0],"138":[0,0],"139":[0,0],"140":[0,0],"141":[0,0],"142":[0,0],"143":[0,0],"144":[0,0],"145":[0,0],"146":[0,0],"147":[0,0],"148":[0,0],"149":[0,0],"150":[0,0],"151":[0,0],"152":[0,0],"153":[0,0],"154":[0,0],"155":[0,0],"156":[0,0],"157":[0,0],"158":[0,0],"159":[0,0],"160":[0,0],"161":[0,0],"162":[0,0],"163":[0,0]},"f":{"1":0,"2":0,"3":0,"4":0,"5":0,"6":0,"7":0,"8":0,"9":0,"10":0,"11":0,"12":0,"13":0,"14":0,"15":0,"16":0,"17":0,"18":0,"19":0,"20":0,"21":0,"22":0,"23":0,"24":0,"25":0,"26":0,"27":0,"28":0,"29":0,"30":0,"31":0,"32":0,"33":0,"34":0,"35":0,"36":0,"37":0,"38":0,"39":0,"40":0,"41":0,"42":0,"43":0,"44":0,"45":0,"46":0,"47":0,"48":0,"49":0,"50":0,"51":0,"52":0,"53":0,"54":0,"55":0,"56":0,"57":0,"58":0,"59":0,"60":0,"61":0,"62":0,"63":0,"64":0,"65":0,"66":0,"67":0,"68":0,"69":0,"70":0,"71":0,"72":0,"73":0,"74":0,"75":0,"76":0,"77":0,"78":0,"79":0,"80":0,"81":0,"82":0,"83":0,"84":0,"85":0,"86":0,"87":0,"88":0,"89":0,"90":0,"91":0,"92":0,"93":0,"94":0,"95":0,"96":0,"97":0},"fnMap":{"1":{"name":"router","line":196,"loc":{"start":{"line":196,"column":10},"end":{"line":196,"column":29}}},"2":{"name":"Seneca","line":202,"loc":{"start":{"line":202,"column":0},"end":{"line":202,"column":19}}},"3":{"name":"init","line":210,"loc":{"start":{"line":210,"column":17},"end":{"line":210,"column":62}}},"4":{"name":"(anonymous_4)","line":235,"loc":{"start":{"line":235,"column":26},"end":{"line":235,"column":48}}},"5":{"name":"(anonymous_5)","line":239,"loc":{"start":{"line":239,"column":15},"end":{"line":239,"column":27}}},"6":{"name":"top_use","line":253,"loc":{"start":{"line":253,"column":21},"end":{"line":253,"column":41}}},"7":{"name":"top_test","line":263,"loc":{"start":{"line":263,"column":22},"end":{"line":263,"column":43}}},"8":{"name":"make_seneca","line":283,"loc":{"start":{"line":283,"column":0},"end":{"line":283,"column":39}}},"9":{"name":"refnid","line":302,"loc":{"start":{"line":302,"column":15},"end":{"line":302,"column":34}}},"10":{"name":"status","line":502,"loc":{"start":{"line":502,"column":16},"end":{"line":502,"column":35}}},"11":{"name":"stats","line":515,"loc":{"start":{"line":515,"column":18},"end":{"line":515,"column":36}}},"12":{"name":"api_depends","line":559,"loc":{"start":{"line":559,"column":2},"end":{"line":559,"column":26}}},"13":{"name":"(anonymous_13)","line":566,"loc":{"start":{"line":566,"column":18},"end":{"line":566,"column":37}}},"14":{"name":"api_export","line":576,"loc":{"start":{"line":576,"column":2},"end":{"line":576,"column":28}}},"15":{"name":"api_sub","line":592,"loc":{"start":{"line":592,"column":2},"end":{"line":592,"column":22}}},"16":{"name":"handle_sub","line":607,"loc":{"start":{"line":607,"column":28},"end":{"line":607,"column":63}}},"17":{"name":"subfunc","line":619,"loc":{"start":{"line":619,"column":27},"end":{"line":619,"column":54}}},"18":{"name":"annotate","line":643,"loc":{"start":{"line":643,"column":4},"end":{"line":643,"column":41}}},"19":{"name":"annotation","line":644,"loc":{"start":{"line":644,"column":13},"end":{"line":644,"column":48}}},"20":{"name":"api_add","line":664,"loc":{"start":{"line":664,"column":2},"end":{"line":664,"column":22}}},"21":{"name":"default_action","line":677,"loc":{"start":{"line":677,"column":32},"end":{"line":677,"column":68}}},"22":{"name":"(anonymous_22)","line":710,"loc":{"start":{"line":710,"column":20},"end":{"line":710,"column":36}}},"23":{"name":"make_action_stats","line":790,"loc":{"start":{"line":790,"column":2},"end":{"line":790,"column":39}}},"24":{"name":"modify_action","line":807,"loc":{"start":{"line":807,"column":2},"end":{"line":807,"column":43}}},"25":{"name":"(anonymous_25)","line":808,"loc":{"start":{"line":808,"column":38},"end":{"line":808,"column":56}}},"26":{"name":"findpins","line":817,"loc":{"start":{"line":817,"column":32},"end":{"line":817,"column":53}}},"27":{"name":"(anonymous_27)","line":824,"loc":{"start":{"line":824,"column":21},"end":{"line":824,"column":40}}},"28":{"name":"(anonymous_28)","line":827,"loc":{"start":{"line":827,"column":8},"end":{"line":827,"column":24}}},"29":{"name":"api_act_if","line":838,"loc":{"start":{"line":838,"column":2},"end":{"line":838,"column":25}}},"30":{"name":"api_act","line":851,"loc":{"start":{"line":851,"column":2},"end":{"line":851,"column":22}}},"31":{"name":"api_wrap","line":872,"loc":{"start":{"line":872,"column":2},"end":{"line":872,"column":41}}},"32":{"name":"(anonymous_32)","line":879,"loc":{"start":{"line":879,"column":16},"end":{"line":879,"column":29}}},"33":{"name":"(anonymous_33)","line":880,"loc":{"start":{"line":880,"column":34},"end":{"line":880,"column":56}}},"34":{"name":"(anonymous_34)","line":886,"loc":{"start":{"line":886,"column":20},"end":{"line":886,"column":32}}},"35":{"name":"(anonymous_35)","line":887,"loc":{"start":{"line":887,"column":15},"end":{"line":887,"column":30}}},"36":{"name":"api_close","line":898,"loc":{"start":{"line":898,"column":2},"end":{"line":898,"column":28}}},"37":{"name":"do_close","line":903,"loc":{"start":{"line":903,"column":4},"end":{"line":903,"column":25}}},"38":{"name":"(anonymous_38)","line":907,"loc":{"start":{"line":907,"column":40},"end":{"line":907,"column":66}}},"39":{"name":"(anonymous_39)","line":914,"loc":{"start":{"line":914,"column":56},"end":{"line":914,"column":71}}},"40":{"name":"api_ready","line":935,"loc":{"start":{"line":935,"column":2},"end":{"line":935,"column":29}}},"41":{"name":"register_ready","line":938,"loc":{"start":{"line":938,"column":17},"end":{"line":938,"column":44}}},"42":{"name":"api_use","line":953,"loc":{"start":{"line":953,"column":2},"end":{"line":953,"column":38}}},"43":{"name":"api_seneca","line":980,"loc":{"start":{"line":980,"column":2},"end":{"line":980,"column":25}}},"44":{"name":"api_toString","line":985,"loc":{"start":{"line":985,"column":2},"end":{"line":985,"column":27}}},"45":{"name":"api_inward","line":990,"loc":{"start":{"line":990,"column":2},"end":{"line":990,"column":31}}},"46":{"name":"api_outward","line":999,"loc":{"start":{"line":999,"column":2},"end":{"line":999,"column":33}}},"47":{"name":"do_act","line":1008,"loc":{"start":{"line":1008,"column":2},"end":{"line":1008,"column":47}}},"48":{"name":"act_fn","line":1025,"loc":{"start":{"line":1025,"column":10},"end":{"line":1025,"column":33}}},"49":{"name":"reply","line":1027,"loc":{"start":{"line":1027,"column":48},"end":{"line":1027,"column":66}}},"50":{"name":"act_tm","line":1039,"loc":{"start":{"line":1039,"column":12},"end":{"line":1039,"column":31}}},"51":{"name":"execute_action","line":1051,"loc":{"start":{"line":1051,"column":4},"end":{"line":1051,"column":55}}},"52":{"name":"handle_result","line":1081,"loc":{"start":{"line":1081,"column":4},"end":{"line":1081,"column":30}}},"53":{"name":"handle_inward_break","line":1170,"loc":{"start":{"line":1170,"column":2},"end":{"line":1170,"column":78}}},"54":{"name":"act_error","line":1202,"loc":{"start":{"line":1202,"column":2},"end":{"line":1203,"column":43}}},"55":{"name":"callback_error","line":1257,"loc":{"start":{"line":1257,"column":2},"end":{"line":1258,"column":43}}},"56":{"name":"api_fix","line":1299,"loc":{"start":{"line":1299,"column":2},"end":{"line":1299,"column":22}}},"57":{"name":"fix_add","line":1306,"loc":{"start":{"line":1306,"column":14},"end":{"line":1306,"column":34}}},"58":{"name":"api_delegate","line":1316,"loc":{"start":{"line":1316,"column":2},"end":{"line":1316,"column":36}}},"59":{"name":"toString","line":1326,"loc":{"start":{"line":1326,"column":24},"end":{"line":1326,"column":45}}},"60":{"name":"(anonymous_60)","line":1329,"loc":{"start":{"line":1329,"column":24},"end":{"line":1329,"column":40}}},"61":{"name":"delegate","line":1344,"loc":{"start":{"line":1344,"column":24},"end":{"line":1344,"column":62}}},"62":{"name":"client","line":1353,"loc":{"start":{"line":1353,"column":22},"end":{"line":1353,"column":41}}},"63":{"name":"listen","line":1357,"loc":{"start":{"line":1357,"column":22},"end":{"line":1357,"column":41}}},"64":{"name":"api_options","line":1365,"loc":{"start":{"line":1365,"column":2},"end":{"line":1365,"column":40}}},"65":{"name":"api_error","line":1394,"loc":{"start":{"line":1394,"column":2},"end":{"line":1394,"column":34}}},"66":{"name":"api_test","line":1401,"loc":{"start":{"line":1401,"column":2},"end":{"line":1401,"column":42}}},"67":{"name":"api_decorate","line":1419,"loc":{"start":{"line":1419,"column":2},"end":{"line":1419,"column":27}}},"68":{"name":"next_act","line":1434,"loc":{"start":{"line":1434,"column":18},"end":{"line":1434,"column":39}}},"69":{"name":"(anonymous_69)","line":1447,"loc":{"start":{"line":1447,"column":11},"end":{"line":1447,"column":27}}},"70":{"name":"gate","line":1455,"loc":{"start":{"line":1455,"column":14},"end":{"line":1455,"column":31}}},"71":{"name":"ungate","line":1461,"loc":{"start":{"line":1461,"column":16},"end":{"line":1461,"column":35}}},"72":{"name":"action_seneca_fatal","line":1482,"loc":{"start":{"line":1482,"column":2},"end":{"line":1482,"column":44}}},"73":{"name":"action_seneca_close","line":1486,"loc":{"start":{"line":1486,"column":2},"end":{"line":1486,"column":44}}},"74":{"name":"action_seneca_stats","line":1491,"loc":{"start":{"line":1491,"column":2},"end":{"line":1491,"column":44}}},"75":{"name":"(anonymous_75)","line":1515,"loc":{"start":{"line":1515,"column":38},"end":{"line":1515,"column":54}}},"76":{"name":"action_options_get","line":1529,"loc":{"start":{"line":1529,"column":2},"end":{"line":1529,"column":43}}},"77":{"name":"(anonymous_77)","line":1539,"loc":{"start":{"line":1539,"column":36},"end":{"line":1539,"column":62}}},"78":{"name":"load_logger","line":1545,"loc":{"start":{"line":1545,"column":2},"end":{"line":1545,"column":46}}},"79":{"name":"action_queue_clear","line":1551,"loc":{"start":{"line":1551,"column":2},"end":{"line":1551,"column":33}}},"80":{"name":"make_private","line":1571,"loc":{"start":{"line":1571,"column":0},"end":{"line":1571,"column":25}}},"81":{"name":"make_callpoint","line":1588,"loc":{"start":{"line":1588,"column":0},"end":{"line":1588,"column":33}}},"82":{"name":"(anonymous_82)","line":1590,"loc":{"start":{"line":1590,"column":11},"end":{"line":1590,"column":23}}},"83":{"name":"make_log","line":1601,"loc":{"start":{"line":1601,"column":0},"end":{"line":1601,"column":39}}},"84":{"name":"log","line":1602,"loc":{"start":{"line":1602,"column":28},"end":{"line":1602,"column":48}}},"85":{"name":"prepare_log","line":1612,"loc":{"start":{"line":1612,"column":0},"end":{"line":1612,"column":37}}},"86":{"name":"prepare_log_data","line":1613,"loc":{"start":{"line":1613,"column":9},"end":{"line":1613,"column":38}}},"87":{"name":"make_log_levels","line":1625,"loc":{"start":{"line":1625,"column":0},"end":{"line":1625,"column":41}}},"88":{"name":"log_level","line":1626,"loc":{"start":{"line":1626,"column":2},"end":{"line":1626,"column":29}}},"89":{"name":"(anonymous_89)","line":1627,"loc":{"start":{"line":1627,"column":11},"end":{"line":1627,"column":27}}},"90":{"name":"make_modified_log","line":1638,"loc":{"start":{"line":1638,"column":0},"end":{"line":1638,"column":43}}},"91":{"name":"log_modifier","line":1639,"loc":{"start":{"line":1639,"column":9},"end":{"line":1639,"column":38}}},"92":{"name":"default_log_modifier","line":1645,"loc":{"start":{"line":1645,"column":0},"end":{"line":1645,"column":37}}},"93":{"name":"act_make_delegate","line":1652,"loc":{"start":{"line":1652,"column":0},"end":{"line":1652,"column":52}}},"94":{"name":"act_delegate_log_modifier","line":1671,"loc":{"start":{"line":1671,"column":36},"end":{"line":1671,"column":78}}},"95":{"name":"(anonymous_95)","line":1681,"loc":{"start":{"line":1681,"column":21},"end":{"line":1681,"column":52}}},"96":{"name":"(anonymous_96)","line":1715,"loc":{"start":{"line":1715,"column":22},"end":{"line":1715,"column":53}}},"97":{"name":"(anonymous_97)","line":1725,"loc":{"start":{"line":1725,"column":21},"end":{"line":1725,"column":42}}}},"statementMap":{"1":{"start":{"line":6,"column":0},"end":{"line":6,"column":30}},"2":{"start":{"line":7,"column":0},"end":{"line":7,"column":30}},"3":{"start":{"line":8,"column":0},"end":{"line":8,"column":26}},"4":{"start":{"line":12,"column":0},"end":{"line":12,"column":25}},"5":{"start":{"line":13,"column":0},"end":{"line":13,"column":28}},"6":{"start":{"line":14,"column":0},"end":{"line":14,"column":43}},"7":{"start":{"line":15,"column":0},"end":{"line":15,"column":30}},"8":{"start":{"line":16,"column":0},"end":{"line":16,"column":35}},"9":{"start":{"line":17,"column":0},"end":{"line":17,"column":24}},"10":{"start":{"line":18,"column":0},"end":{"line":18,"column":28}},"11":{"start":{"line":19,"column":0},"end":{"line":19,"column":30}},"12":{"start":{"line":20,"column":0},"end":{"line":20,"column":36}},"13":{"start":{"line":21,"column":0},"end":{"line":21,"column":26}},"14":{"start":{"line":22,"column":0},"end":{"line":22,"column":35}},"15":{"start":{"line":26,"column":0},"end":{"line":26,"column":38}},"16":{"start":{"line":27,"column":0},"end":{"line":27,"column":36}},"17":{"start":{"line":28,"column":0},"end":{"line":28,"column":36}},"18":{"start":{"line":29,"column":0},"end":{"line":29,"column":36}},"19":{"start":{"line":30,"column":0},"end":{"line":30,"column":40}},"20":{"start":{"line":31,"column":0},"end":{"line":31,"column":39}},"21":{"start":{"line":32,"column":0},"end":{"line":32,"column":38}},"22":{"start":{"line":33,"column":0},"end":{"line":33,"column":34}},"23":{"start":{"line":34,"column":0},"end":{"line":34,"column":42}},"24":{"start":{"line":38,"column":0},"end":{"line":38,"column":47}},"25":{"start":{"line":39,"column":0},"end":{"line":39,"column":47}},"26":{"start":{"line":43,"column":0},"end":{"line":47,"column":2}},"27":{"start":{"line":49,"column":0},"end":{"line":182,"column":1}},"28":{"start":{"line":186,"column":0},"end":{"line":198,"column":1}},"29":{"start":{"line":196,"column":31},"end":{"line":196,"column":47}},"30":{"start":{"line":202,"column":0},"end":{"line":205,"column":1}},"31":{"start":{"line":203,"column":2},"end":{"line":203,"column":32}},"32":{"start":{"line":204,"column":2},"end":{"line":204,"column":25}},"33":{"start":{"line":206,"column":0},"end":{"line":206,"column":42}},"34":{"start":{"line":210,"column":0},"end":{"line":244,"column":1}},"35":{"start":{"line":211,"column":2},"end":{"line":213,"column":50}},"36":{"start":{"line":215,"column":2},"end":{"line":215,"column":43}},"37":{"start":{"line":216,"column":2},"end":{"line":216,"column":32}},"38":{"start":{"line":220,"column":2},"end":{"line":220,"column":76}},"39":{"start":{"line":222,"column":2},"end":{"line":222,"column":30}},"40":{"start":{"line":225,"column":2},"end":{"line":225,"column":65}},"41":{"start":{"line":226,"column":2},"end":{"line":226,"column":67}},"42":{"start":{"line":227,"column":2},"end":{"line":227,"column":61}},"43":{"start":{"line":230,"column":2},"end":{"line":232,"column":3}},"44":{"start":{"line":231,"column":4},"end":{"line":231,"column":43}},"45":{"start":{"line":235,"column":2},"end":{"line":237,"column":4}},"46":{"start":{"line":236,"column":4},"end":{"line":236,"column":26}},"47":{"start":{"line":239,"column":2},"end":{"line":241,"column":4}},"48":{"start":{"line":240,"column":4},"end":{"line":240,"column":72}},"49":{"start":{"line":243,"column":2},"end":{"line":243,"column":15}},"50":{"start":{"line":247,"column":0},"end":{"line":247,"column":30}},"51":{"start":{"line":250,"column":0},"end":{"line":250,"column":45}},"52":{"start":{"line":253,"column":0},"end":{"line":260,"column":1}},"53":{"start":{"line":254,"column":2},"end":{"line":254,"column":43}},"54":{"start":{"line":255,"column":2},"end":{"line":255,"column":72}},"55":{"start":{"line":255,"column":45},"end":{"line":255,"column":71}},"56":{"start":{"line":257,"column":2},"end":{"line":257,"column":33}},"57":{"start":{"line":259,"column":2},"end":{"line":259,"column":46}},"58":{"start":{"line":263,"column":0},"end":{"line":271,"column":1}},"59":{"start":{"line":264,"column":2},"end":{"line":264,"column":43}},"60":{"start":{"line":265,"column":2},"end":{"line":265,"column":72}},"61":{"start":{"line":265,"column":45},"end":{"line":265,"column":71}},"62":{"start":{"line":267,"column":2},"end":{"line":267,"column":58}},"63":{"start":{"line":268,"column":2},"end":{"line":268,"column":40}},"64":{"start":{"line":270,"column":2},"end":{"line":270,"column":17}},"65":{"start":{"line":273,"column":0},"end":{"line":273,"column":33}},"66":{"start":{"line":277,"column":0},"end":{"line":279,"column":1}},"67":{"start":{"line":278,"column":2},"end":{"line":278,"column":18}},"68":{"start":{"line":283,"column":0},"end":{"line":1567,"column":1}},"69":{"start":{"line":284,"column":2},"end":{"line":284,"column":41}},"70":{"start":{"line":287,"column":2},"end":{"line":287,"column":31}},"71":{"start":{"line":290,"column":2},"end":{"line":290,"column":25}},"72":{"start":{"line":291,"column":2},"end":{"line":291,"column":26}},"73":{"start":{"line":294,"column":2},"end":{"line":294,"column":26}},"74":{"start":{"line":297,"column":2},"end":{"line":297,"column":72}},"75":{"start":{"line":298,"column":2},"end":{"line":298,"column":34}},"76":{"start":{"line":301,"column":2},"end":{"line":301,"column":38}},"77":{"start":{"line":302,"column":2},"end":{"line":302,"column":65}},"78":{"start":{"line":302,"column":36},"end":{"line":302,"column":64}},"79":{"start":{"line":305,"column":2},"end":{"line":305,"column":72}},"80":{"start":{"line":306,"column":2},"end":{"line":306,"column":72}},"81":{"start":{"line":308,"column":2},"end":{"line":308,"column":52}},"82":{"start":{"line":311,"column":2},"end":{"line":311,"column":18}},"83":{"start":{"line":312,"column":2},"end":{"line":312,"column":30}},"84":{"start":{"line":313,"column":2},"end":{"line":313,"column":21}},"85":{"start":{"line":314,"column":2},"end":{"line":314,"column":19}},"86":{"start":{"line":315,"column":2},"end":{"line":315,"column":32}},"87":{"start":{"line":317,"column":2},"end":{"line":317,"column":57}},"88":{"start":{"line":359,"column":2},"end":{"line":359,"column":20}},"89":{"start":{"line":405,"column":2},"end":{"line":405,"column":20}},"90":{"start":{"line":407,"column":2},"end":{"line":407,"column":20}},"91":{"start":{"line":408,"column":2},"end":{"line":408,"column":20}},"92":{"start":{"line":409,"column":2},"end":{"line":409,"column":43}},"93":{"start":{"line":410,"column":2},"end":{"line":410,"column":43}},"94":{"start":{"line":411,"column":2},"end":{"line":411,"column":26}},"95":{"start":{"line":412,"column":2},"end":{"line":412,"column":24}},"96":{"start":{"line":413,"column":2},"end":{"line":413,"column":26}},"97":{"start":{"line":414,"column":2},"end":{"line":414,"column":26}},"98":{"start":{"line":415,"column":2},"end":{"line":415,"column":24}},"99":{"start":{"line":416,"column":2},"end":{"line":416,"column":24}},"100":{"start":{"line":417,"column":2},"end":{"line":417,"column":28}},"101":{"start":{"line":418,"column":2},"end":{"line":418,"column":24}},"102":{"start":{"line":419,"column":2},"end":{"line":419,"column":30}},"103":{"start":{"line":420,"column":2},"end":{"line":420,"column":26}},"104":{"start":{"line":421,"column":2},"end":{"line":421,"column":28}},"105":{"start":{"line":422,"column":2},"end":{"line":422,"column":22}},"106":{"start":{"line":425,"column":2},"end":{"line":425,"column":24}},"107":{"start":{"line":428,"column":2},"end":{"line":428,"column":49}},"108":{"start":{"line":429,"column":2},"end":{"line":429,"column":28}},"109":{"start":{"line":430,"column":2},"end":{"line":430,"column":26}},"110":{"start":{"line":431,"column":2},"end":{"line":431,"column":22}},"111":{"start":{"line":432,"column":2},"end":{"line":432,"column":26}},"112":{"start":{"line":433,"column":2},"end":{"line":433,"column":20}},"113":{"start":{"line":434,"column":2},"end":{"line":434,"column":30}},"114":{"start":{"line":437,"column":2},"end":{"line":437,"column":26}},"115":{"start":{"line":440,"column":2},"end":{"line":440,"column":29}},"116":{"start":{"line":443,"column":2},"end":{"line":443,"column":38}},"117":{"start":{"line":444,"column":2},"end":{"line":444,"column":40}},"118":{"start":{"line":445,"column":2},"end":{"line":445,"column":64}},"119":{"start":{"line":448,"column":2},"end":{"line":456,"column":10}},"120":{"start":{"line":459,"column":2},"end":{"line":459,"column":19}},"121":{"start":{"line":461,"column":2},"end":{"line":465,"column":3}},"122":{"start":{"line":462,"column":4},"end":{"line":462,"column":16}},"123":{"start":{"line":463,"column":4},"end":{"line":463,"column":40}},"124":{"start":{"line":464,"column":4},"end":{"line":464,"column":41}},"125":{"start":{"line":467,"column":2},"end":{"line":467,"column":37}},"126":{"start":{"line":469,"column":2},"end":{"line":475,"column":4}},"127":{"start":{"line":477,"column":2},"end":{"line":477,"column":25}},"128":{"start":{"line":481,"column":2},"end":{"line":481,"column":59}},"129":{"start":{"line":482,"column":2},"end":{"line":482,"column":27}},"130":{"start":{"line":484,"column":2},"end":{"line":484,"column":57}},"131":{"start":{"line":485,"column":2},"end":{"line":485,"column":49}},"132":{"start":{"line":490,"column":2},"end":{"line":490,"column":28}},"133":{"start":{"line":492,"column":2},"end":{"line":497,"column":12}},"134":{"start":{"line":500,"column":2},"end":{"line":509,"column":3}},"135":{"start":{"line":501,"column":4},"end":{"line":501,"column":41}},"136":{"start":{"line":502,"column":4},"end":{"line":508,"column":26}},"137":{"start":{"line":503,"column":6},"end":{"line":507,"column":8}},"138":{"start":{"line":511,"column":2},"end":{"line":519,"column":3}},"139":{"start":{"line":512,"column":4},"end":{"line":512,"column":79}},"140":{"start":{"line":514,"column":4},"end":{"line":518,"column":5}},"141":{"start":{"line":515,"column":6},"end":{"line":517,"column":27}},"142":{"start":{"line":516,"column":8},"end":{"line":516,"column":38}},"143":{"start":{"line":521,"column":2},"end":{"line":521,"column":23}},"144":{"start":{"line":522,"column":2},"end":{"line":522,"column":51}},"145":{"start":{"line":523,"column":2},"end":{"line":528,"column":4}},"146":{"start":{"line":530,"column":2},"end":{"line":530,"column":44}},"147":{"start":{"line":531,"column":2},"end":{"line":531,"column":44}},"148":{"start":{"line":533,"column":2},"end":{"line":533,"column":30}},"149":{"start":{"line":535,"column":2},"end":{"line":535,"column":32}},"150":{"start":{"line":536,"column":2},"end":{"line":536,"column":26}},"151":{"start":{"line":539,"column":2},"end":{"line":551,"column":33}},"152":{"start":{"line":553,"column":2},"end":{"line":556,"column":36}},"153":{"start":{"line":559,"column":2},"end":{"line":574,"column":3}},"154":{"start":{"line":560,"column":4},"end":{"line":560,"column":19}},"155":{"start":{"line":562,"column":4},"end":{"line":562,"column":69}},"156":{"start":{"line":564,"column":4},"end":{"line":564,"column":41}},"157":{"start":{"line":566,"column":4},"end":{"line":573,"column":6}},"158":{"start":{"line":567,"column":6},"end":{"line":572,"column":22}},"159":{"start":{"line":569,"column":8},"end":{"line":569,"column":90}},"160":{"start":{"line":570,"column":8},"end":{"line":570,"column":20}},"161":{"start":{"line":572,"column":11},"end":{"line":572,"column":22}},"162":{"start":{"line":576,"column":2},"end":{"line":590,"column":3}},"163":{"start":{"line":577,"column":4},"end":{"line":577,"column":19}},"164":{"start":{"line":580,"column":4},"end":{"line":582,"column":5}},"165":{"start":{"line":581,"column":6},"end":{"line":581,"column":19}},"166":{"start":{"line":584,"column":4},"end":{"line":584,"column":41}},"167":{"start":{"line":585,"column":4},"end":{"line":587,"column":5}},"168":{"start":{"line":586,"column":6},"end":{"line":586,"column":60}},"169":{"start":{"line":589,"column":4},"end":{"line":589,"column":20}},"170":{"start":{"line":592,"column":2},"end":{"line":660,"colu
[...]
":{"line":50,"column":36}},"28":{"start":{"line":52,"column":2},"end":{"line":56,"column":3}},"29":{"start":{"line":53,"column":4},"end":{"line":55,"column":5}},"30":{"start":{"line":54,"column":6},"end":{"line":54,"column":34}},"31":{"start":{"line":59,"column":2},"end":{"line":125,"column":3}},"32":{"start":{"line":60,"column":4},"end":{"line":124,"column":5}},"33":{"start":{"line":61,"column":6},"end":{"line":123,"column":7}},"34":{"start":{"line":62,"column":8},"end":{"line":122,"column":9}},"35":{"start":{"line":63,"column":10},"end":{"line":63,"column":20}},"36":{"start":{"line":64,"column":10},"end":{"line":64,"column":50}},"37":{"start":{"line":66,"column":10},"end":{"line":116,"column":11}},"38":{"start":{"line":67,"column":12},"end":{"line":69,"column":61}},"39":{"start":{"line":71,"column":12},"end":{"line":106,"column":13}},"40":{"start":{"line":72,"column":14},"end":{"line":78,"column":15}},"41":{"start":{"line":73,"column":16},"end":{"line":75,"column":29}},"42":{"start":{"line":74,"column":18},"end":{"line":74,"column":42}},"43":{"start":{"line":77,"column":16},"end":{"line":77,"column":49}},"44":{"start":{"line":80,"column":14},"end":{"line":82,"column":42}},"45":{"start":{"line":84,"column":14},"end":{"line":86,"column":15}},"46":{"start":{"line":85,"column":16},"end":{"line":85,"column":38}},"47":{"start":{"line":88,"column":14},"end":{"line":90,"column":15}},"48":{"start":{"line":89,"column":16},"end":{"line":89,"column":78}},"49":{"start":{"line":92,"column":17},"end":{"line":106,"column":13}},"50":{"start":{"line":93,"column":14},"end":{"line":93,"column":37}},"51":{"start":{"line":95,"column":17},"end":{"line":106,"column":13}},"52":{"start":{"line":96,"column":14},"end":{"line":97,"column":71}},"53":{"start":{"line":99,"column":17},"end":{"line":106,"column":13}},"54":{"start":{"line":101,"column":17},"end":{"line":106,"column":13}},"55":{"start":{"line":102,"column":14},"end":{"line":102,"column":36}},"56":{"start":{"line":105,"column":14},"end":{"line":105,"column":63}},"57":{"start":{"line":108,"column":12},"end":{"line":108,"column":36}},"58":{"start":{"line":111,"column":12},"end":{"line":111,"column":54}},"59":{"start":{"line":112,"column":12},"end":{"line":115,"column":70}},"60":{"start":{"line":118,"column":10},"end":{"line":118,"column":29}},"61":{"start":{"line":121,"column":10},"end":{"line":121,"column":27}},"62":{"start":{"line":127,"column":2},"end":{"line":131,"column":3}}},"branchMap":{"1":{"line":22,"type":"binary-expr","locations":[{"start":{"line":22,"column":16},"end":{"line":22,"column":28}},{"start":{"line":22,"column":32},"end":{"line":22,"column":38}},{"start":{"line":22,"column":42},"end":{"line":22,"column":44}}]},"2":{"line":26,"type":"if","locations":[{"start":{"line":26,"column":2},"end":{"line":26,"column":2}},{"start":{"line":26,"column":2},"end":{"line":26,"column":2}}]},"3":{"line":27,"type":"if","locations":[{"start":{"line":27,"column":4},"end":{"line":27,"column":4}},{"start":{"line":27,"column":4},"end":{"line":27,"column":4}}]},"4":{"line":30,"type":"if","locations":[{"start":{"line":30,"column":9},"end":{"line":30,"column":9}},{"start":{"line":30,"column":9},"end":{"line":30,"column":9}}]},"5":{"line":33,"type":"if","locations":[{"start":{"line":33,"column":9},"end":{"line":33,"column":9}},{"start":{"line":33,"column":9},"end":{"line":33,"column":9}}]},"6":{"line":36,"type":"if","locations":[{"start":{"line":36,"column":9},"end":{"line":36,"column":9}},{"start":{"line":36,"column":9},"end":{"line":36,"column":9}}]},"7":{"line":39,"type":"if","locations":[{"start":{"line":39,"column":9},"end":{"line":39,"column":9}},{"start":{"line":39,"column":9},"end":{"line":39,"column":9}}]},"8":{"line":42,"type":"if","locations":[{"start":{"line":42,"column":9},"end":{"line":42,"column":9}},{"start":{"line":42,"column":9},"end":{"line":42,"column":9}}]},"9":{"line":45,"type":"if","locations":[{"start":{"line":45,"column":9},"end":{"line":45,"column":9}},{"start":{"line":45,"column":9},"end":{"line":45,"column":9}}]},"10":{"line":53,"type":"if","locations":[{"start":{"line":53,"column":4},"end":{"line":53,"column":4}},{"start":{"line":53,"column":4},"end":{"line":53,"column":4}}]},"11":{"line":59,"type":"if","locations":[{"start":{"line":59,"column":2},"end":{"line":59,"column":2}},{"start":{"line":59,"column":2},"end":{"line":59,"column":2}}]},"12":{"line":61,"type":"if","locations":[{"start":{"line":61,"column":6},"end":{"line":61,"column":6}},{"start":{"line":61,"column":6},"end":{"line":61,"column":6}}]},"13":{"line":66,"type":"if","locations":[{"start":{"line":66,"column":10},"end":{"line":66,"column":10}},{"start":{"line":66,"column":10},"end":{"line":66,"column":10}}]},"14":{"line":66,"type":"binary-expr","locations":[{"start":{"line":66,"column":14},"end":{"line":66,"column":33}},{"start":{"line":66,"column":37},"end":{"line":66,"column":57}}]},"15":{"line":69,"type":"cond-expr","locations":[{"start":{"line":69,"column":39},"end":{"line":69,"column":54}},{"start":{"line":69,"column":57},"end":{"line":69,"column":59}}]},"16":{"line":71,"type":"if","locations":[{"start":{"line":71,"column":12},"end":{"line":71,"column":12}},{"start":{"line":71,"column":12},"end":{"line":71,"column":12}}]},"17":{"line":72,"type":"if","locations":[{"start":{"line":72,"column":14},"end":{"line":72,"column":14}},{"start":{"line":72,"column":14},"end":{"line":72,"column":14}}]},"18":{"line":80,"type":"binary-expr","locations":[{"start":{"line":80,"column":55},"end":{"line":80,"column":66}},{"start":{"line":80,"column":70},"end":{"line":80,"column":78}}]},"19":{"line":84,"type":"if","locations":[{"start":{"line":84,"column":14},"end":{"line":84,"column":14}},{"start":{"line":84,"column":14},"end":{"line":84,"column":14}}]},"20":{"line":88,"type":"if","locations":[{"start":{"line":88,"column":14},"end":{"line":88,"column":14}},{"start":{"line":88,"column":14},"end":{"line":88,"column":14}}]},"21":{"line":92,"type":"if","locations":[{"start":{"line":92,"column":17},"end":{"line":92,"column":17}},{"start":{"line":92,"column":17},"end":{"line":92,"column":17}}]},"22":{"line":95,"type":"if","locations":[{"start":{"line":95,"column":17},"end":{"line":95,"column":17}},{"start":{"line":95,"column":17},"end":{"line":95,"column":17}}]},"23":{"line":97,"type":"cond-expr","locations":[{"start":{"line":97,"column":43},"end":{"line":97,"column":64}},{"start":{"line":97,"column":67},"end":{"line":97,"column":69}}]},"24":{"line":99,"type":"if","locations":[{"start":{"line":99,"column":17},"end":{"line":99,"column":17}},{"start":{"line":99,"column":17},"end":{"line":99,"column":17}}]},"25":{"line":101,"type":"if","locations":[{"start":{"line":101,"column":17},"end":{"line":101,"column":17}},{"start":{"line":101,"column":17},"end":{"line":101,"column":17}}]}},"code":["/* Copyright (c) 2016 Richard Rodger and other contributors, MIT License */","'use strict'","","","var Util = require('util')","","","var Stringify = require('json-stringify-safe')","var LogFilter = require('seneca-log-filter')","var _ = require('lodash')","","module.exports = logging","","function logging (options) {","  // Everything is in preload as logging plugins are","  // a special case that need to be loaded before any calls to seneca.log.","}","","logging.preload = function () {","  var seneca = this","  var so = seneca.options()","  var logspec = so.log.basic || so.log || {}","","  var origspec = logspec","","  if (_.isString(logspec)) {","    if ('quiet' === logspec) {","      logspec = {level: 'none'}","    }","    else if ('silent' === logspec) {","      logspec = {level: 'none'}","    }","    else if ('any' === logspec) {","      logspec = {level: 'debug+'}","    }","    else if ('all' === logspec) {","      logspec = {level: 'debug+'}","    }","    else if ('print' === logspec) {","      logspec = {level: 'debug+'}","    }","    else if ('standard' === logspec) {","      logspec = {level: 'info+'}","    }","    else if ('test' === logspec) {","      logspec = {level: 'warn+'}","    }","  }","","  var logrouter = LogFilter(logspec)","","  var logger = function (seneca, data) {","    if (logrouter(data)) {","      console.log(Stringify(data))","    }","  }","","  // Test mode prints more readable logs","  if (so.test) {","    logger = function (seneca, data) {","      if (logrouter(data)) {","        try {","          var logstr","          var time = data.when - seneca.start_time","","          if ('test' === origspec || 'print' === origspec) {","            var logb = [","              time + '/' + seneca.id.substring(0, 2),","              data.kind + (data.case ? '/' + data.case : '')]","","            if ('act' === data.kind) {","              if (data.msg) {","                logb.push(data.msg.meta$.id.split('/').map(function (s) {","                  return s.substring(0, 2)","                }).join('/'))","","                logb.push(data.msg.meta$.pattern)","              }","","              logb.push(Util.inspect(seneca.util.clean(data.result || data.msg))","                        .replace(/\\s+/g, '')","                        .substring(0, 88))","","              if (data.notice) {","                logb.push(data.notice)","              }","","              if ('ERR' === data.case) {","                logb.push('\\n\\n' + data.err.stack + '\\n' + data.caller + '\\n')","              }","            }","            else if ('add' === data.kind) {","              logb.push(data.pattern)","            }","            else if ('plugin' === data.kind) {","              logb.push(data.plugin_name +","                        (data.plugin_tag ? '/' + data.plugin_tag : ''))","            }","            else if ('options' === data.kind) {","            }","            else if ('notice' === data.kind) {","              logb.push(data.notice)","            }","            else {","              logb.push(Util.inspect(data).replace(/\\n/g, ' '))","            }","","            logstr = logb.join('\\t')","          }","          else {","            logstr = Util.inspect(data, {depth: null})","            logstr =","              time + ':\\n\\t' +","              logstr.replace(/\\n/g, '\\n\\t') +","              '\\n------------------------------------------------\\n\\n'","          }","","          console.log(logstr)","        }","        catch (e) {","          console.log(data)","        }","      }","    }","  }","","  return {","    extend: {","      logger: logger","    }","  }","}",""],"l":{"5":1,"8":1,"9":1,"10":1,"12":1,"14":1,"19":1,"20":0,"21":0,"22":0,"24":0,"26":0,"27":0,"28":0,"30":0,"31":0,"33":0,"34":0,"36":0,"37":0,"39":0,"40":0,"42":0,"43":0,"45":0,"46":0,"50":0,"52":0,"53":0,"54":0,"59":0,"60":0,"61":0,"62":0,"63":0,"64":0,"66":0,"67":0,"71":0,"72":0,"73":0,"74":0,"77":0,"80":0,"84":0,"85":0,"88":0,"89":0,"92":0,"93":0,"95":0,"96":0,"99":0,"101":0,"102":0,"105":0,"108":0,"111":0,"112":0,"118":0,"121":0,"127":0}},"/home/travis/build/npmtest/node-npmtest-seneca/node_modules/seneca-log-filter/seneca-log-filter.js":{"path":"/home/travis/build/npmtest/node-npmtest-seneca/node_modules/seneca-log-filter/seneca-log-filter.js","s":{"1":1,"2":1,"3":1,"4":1,"5":0,"6":0,"7":0,"8":0,"9":0,"10":0,"11":0,"12":0,"13":0,"14":0,"15":0,"16":0,"17":0,"18":0,"19":0,"20":0,"21":0,"22":0,"23":0,"24":0,"25":0,"26":1},"b":{"1":[0,0],"2":[0,0],"3":[0,0],"4":[0,0],"5":[0,0],"6":[0,0],"7":[0,0],"8":[0,0],"9":[0,0]},"f":{"1":0,"2":0},"fnMap":{"1":{"name":"logfilter","line":7,"loc":{"start":{"line":7,"column":0},"end":{"line":7,"column":29}}},"2":{"name":"filter","line":31,"loc":{"start":{"line":31,"column":9},"end":{"line":31,"column":32}}}},"statementMap":{"1":{"start":{"line":3,"column":0},"end":{"line":3,"column":34}},"2":{"start":{"line":4,"column":0},"end":{"line":4,"column":40}},"3":{"start":{"line":5,"column":0},"end":{"line":5,"column":27}},"4":{"start":{"line":7,"column":0},"end":{"line":44,"column":1}},"5":{"start":{"line":8,"column":2},"end":{"line":8,"column":38}},"6":{"start":{"line":10,"column":2},"end":{"line":10,"column":27}},"7":{"start":{"line":12,"column":2},"end":{"line":29,"column":3}},"8":{"start":{"line":13,"column":4},"end":{"line":13,"column":32}},"9":{"start":{"line":16,"column":7},"end":{"line":29,"column":3}},"10":{"start":{"line":17,"column":4},"end":{"line":17,"column":80}},"11":{"start":{"line":21,"column":4},"end":{"line":21,"column":66}},"12":{"start":{"line":22,"column":4},"end":{"line":22,"column":43}},"13":{"start":{"line":23,"column":4},"end":{"line":28,"column":5}},"14":{"start":{"line":24,"column":6},"end":{"line":24,"column":53}},"15":{"start":{"line":25,"column":6},"end":{"line":27,"column":7}},"16":{"start":{"line":26,"column":8},"end":{"line":26,"column":53}},"17":{"start":{"line":31,"column":2},"end":{"line":43,"column":3}},"18":{"start":{"line":32,"column":4},"end":{"line":41,"column":5}},"19":{"start":{"line":33,"column":6},"end":{"line":33,"column":32}},"20":{"start":{"line":34,"column":6},"end":{"line":36,"column":7}},"21":{"start":{"line":35,"column":8},"end":{"line":35,"column":60}},"22":{"start":{"line":37,"column":6},"end":{"line":39,"column":7}},"23":{"start":{"line":38,"column":8},"end":{"line":38,"column":45}},"24":{"start":{"line":40,"column":6},"end":{"line":40,"column":19}},"25":{"start":{"line":42,"column":4},"end":{"line":42,"column":15}},"26":{"start":{"line":46,"column":0},"end":{"line":46,"column":26}}},"branchMap":{"1":{"line":8,"type":"binary-expr","locations":[{"start":{"line":8,"column":14},"end":{"line":8,"column":27}},{"start":{"line":8,"column":31},"end":{"line":8,"column":38}}]},"2":{"line":12,"type":"if","locations":[{"start":{"line":12,"column":2},"end":{"line":12,"column":2}},{"start":{"line":12,"column":2},"end":{"line":12,"column":2}}]},"3":{"line":16,"type":"if","locations":[{"start":{"line":16,"column":7},"end":{"line":16,"column":7}},{"start":{"line":16,"column":7},"end":{"line":16,"column":7}}]},"4":{"line":23,"type":"if","locations":[{"start":{"line":23,"column":4},"end":{"line":23,"column":4}},{"start":{"line":23,"column":4},"end":{"line":23,"column":4}}]},"5":{"line":25,"type":"if","locations":[{"start":{"line":25,"column":6},"end":{"line":25,"column":6}},{"start":{"line":25,"column":6},"end":{"line":25,"column":6}}]},"6":{"line":32,"type":"if","locations":[{"start":{"line":32,"column":4},"end":{"line":32,"column":4}},{"start":{"line":32,"column":4},"end":{"line":32,"column":4}}]},"7":{"line":34,"type":"if","locations":[{"start":{"line":34,"column":6},"end":{"line":34,"column":6}},{"start":{"line":34,"column":6},"end":{"line":34,"column":6}}]},"8":{"line":37,"type":"if","locations":[{"start":{"line":37,"column":6},"end":{"line":37,"column":6}},{"start":{"line":37,"column":6},"end":{"line":37,"column":6}}]},"9":{"line":37,"type":"binary-expr","locations":[{"start":{"line":37,"column":10},"end":{"line":37,"column":22}},{"start":{"line":37,"column":26},"end":{"line":37,"column":49}}]}},"code":["'use strict'","","const Util = require('./lib/util')","const Aliases = require('./lib/aliases')","const _ = require('lodash')","","function logfilter (options) {","  let level = options.level || 'info+'","","  let calculatedLevels = []","","  if (Util.level_exists(level)) {","    calculatedLevels.push(level)","  }","  // Level + notation","  else if (_.endsWith(level, '+')) {","    calculatedLevels = Util.log_level_plus(level.substring(0, level.length - 1))","  }","  // No level nor level+... it must be a custom alias","  else {","    let processedAliases = Object.assign(Aliases, options.aliases)","    let aliasInfo = processedAliases[level]","    if (aliasInfo) {","      let handled = _.get(aliasInfo, 'handled', true)","      if (handled) {","        calculatedLevels = aliasInfo.handler(options)","      }","    }","  }","","  return function filter (data) {","    if (calculatedLevels.indexOf(data.level) !== -1) {","      let cloned = _.clone(data)","      if (options['omit-metadata']) {","        cloned = _.omit(cloned, ['seneca', 'level', 'when'])","      }","      if (options.omit && _.isArray(options.omit)) {","        cloned = _.omit(cloned, options.omit)","      }","      return cloned","    }","    return null","  }","}","","module.exports = logfilter",""],"l":{"3":1,"4":1,"5":1,"7":1,"8":0,"10":0,"12":0,"13":0,"16":0,"17":0,"21":0,"22":0,"23":0,"24":0,"25":0,"26":0,"31":0,"32":0,"33":0,"34":0,"35":0,"37":0,"38":0,"40":0,"42":0,"46":1}},"/home/travis/build/npmtest/node-npmtest-seneca/node_modules/seneca-log-filter/lib/util.js":{"path":"/home/travis/build/npmtest/node-npmtest-seneca/node_modules/seneca-log-filter/lib/util.js","s":{"1":1,"2":1,"3":0,"4":0,"5":0,"6":0,"7":1,"8":0,"9":1,"10":1},"b":{"1":[0,0]},"f":{"1":0,"2":0},"fnMap":{"1":{"name":"log_level_plus","line":10,"loc":{"start":{"line":10,"column":0},"end":{"line":10,"column":35}}},"2":{"name":"level_exists","line":25,"loc":{"start":{"line":25,"column":0},"end":{"line":25,"column":30}}}},"statementMap":{"1":{"start":{"line":3,"column":0},"end":{"line":3,"column":62}},"2":{"start":{"line":10,"column":0},"end":{"line":18,"column":1}},"3":{"start":{"line":11,"column":2},"end":{"line":11,"column":42}},"4":{"start":{"line":12,"column":2},"end":{"line":17,"column":3}},"5":{"start":{"line":13,"column":4},"end":{"line":13,"column":13}},"6":{"start":{"line":16,"column":4},"end":{"line":16,"column":53}},"7":{"start":{"line":25,"column":0},"end":{"line":27,"column":1}},"8":{"start":{"line":26,"column":2},"end":{"line":26,"column":41}},"9":{"start":{"line":29,"column":0},"end":{"line":29,"column":46}},"10":{"start":{"line":30,"column":0},"end":{"line":30,"column":42}}},"branchMap":{"1":{"line":12,"type":"if","locations":[{"start":{"line":12,"column":2},"end":{"line":12,"column":2}},{"start":{"line":12,"column":2},"end":{"line":12,"column":2}}]}},"code":["'use strict'","","const log_levels = ['debug', 'info', 'warn', 'error', 'fatal']","","/**"," * It returns the levels above the argument"," * @param  {String} logLevel the log level to calculate"," * @return {Array}           the list of logs above the argument"," */","function log_level_plus (logLevel) {","  let index = log_levels.indexOf(logLevel)","  if (index < 0) {","    return []","  }","  else {","    return log_levels.slice(index, log_levels.length)","  }","}","","/**"," * Checks if a log level exists"," * @param  {string} level the level itself"," * @return {boolean}      true if the level exists"," */","function level_exists (level) {","  return log_levels.indexOf(level) !== -1","}","","module.exports.log_level_plus = log_level_plus","module.exports.level_exists = level_exists",""],"l":{"3":1,"10":1,"11":0,"12":0,"13":0,"16":0,"25":1,"26":0,"29":1,"30":1}},"/home/travis/build/npmtest/node-npmtest-seneca/node_modules/seneca-log-filter/lib/aliases.js":{"path":"/home/travis/build/npmtest/node-npmtest-seneca/node_modules/seneca-log-filter/lib/aliases.js","s":{"1":1,"2":0,"3":0,"4":0},"b":{},"f":{"1":0,"2":0,"3":0},"fnMap":{"1":{"name":"(anonymous_1)","line":7,"loc":{"start":{"line":7,"column":13},"end":{"line":7,"column":25}}},"2":{"name":"(anonymous_2)","line":11,"loc":{"start":{"line":11,"column":13},"end":{"line":11,"column":25}}},"3":{"name":"(anonymous_3)","line":15,"loc":{"start":{"line":15,"column":13},"end":{"line":15,"column":25}}}},"statementMap":{"1":{"start":{"line":4,"column":0},"end":{"line":17,"column":1}},"2":{"start":{"line":7,"column":27},"end":{"line":7,"column":37}},"3":{"start":{"line":11,"column":27},"end":{"line":11,"column":78}},"4":{"start":{"line":15,"column":27},"end":{"line":15,"column":53}}},"branchMap":{},"code":["/**"," * Default aliases for seneca."," */","module.exports = {","  'silent': {","    handled: true,","    handler: function () { return [] }","  },","  'all': {","    handled: true,","    handler: function () { return ['debug', 'info', 'warn', 'error', 'fatal'] }","  },","  'test': {","    handled: true,","    handler: function () { return ['error', 'fatal'] }","  }","}",""],"l":{"4":1,"7":0,"11":0,"15":0}}}